<?xml version="1.0" encoding="UTF-8" standalone="no"?>
<!DOCTYPE log SYSTEM "logger.dtd">
<log>
<record>
  <date>2020-02-21T18:32:51</date>
  <millis>1582302771804</millis>
  <sequence>0</sequence>
  <logger>utils.CSV_Parser</logger>
  <level>CONFIG</level>
  <class>utils.CSV_Parser</class>
  <method>LogConfig</method>
  <thread>1</thread>
  <message>Configuration done.</message>
</record>
<record>
  <date>2020-02-21T18:32:55</date>
  <millis>1582302775097</millis>
  <sequence>1</sequence>
  <logger>utils.CSV_Parser</logger>
  <level>INFO</level>
  <class>utils.CSV_Parser</class>
  <method>lambda$main$0</method>
  <thread>1</thread>
  <message>Message US Diplomatic Post: Kabul,Kabul,AF,2019-12-01T21:30:00.000Z,2019-12-02T02:00:00+04:30,pm25,556,µg/m³,34.535812,69.190514,"[{""name"":""EPA AirNow DOS"",""url"":""http://airnow.gov/index.cfm?action=airnow.global_summary""}]" persisted with offset 0 and timestamp on 2020-02-21 18:32:54.979</message>
</record>
<record>
  <date>2020-02-21T18:32:55</date>
  <millis>1582302775110</millis>
  <sequence>2</sequence>
  <logger>utils.CSV_Parser</logger>
  <level>INFO</level>
  <class>utils.CSV_Parser</class>
  <method>lambda$main$0</method>
  <thread>1</thread>
  <message>Message US Diplomatic Post: Kabul,Kabul,AF,2019-12-01T20:30:00.000Z,2019-12-02T01:00:00+04:30,pm25,576,µg/m³,34.535812,69.190514,"[{""name"":""EPA AirNow DOS"",""url"":""http://airnow.gov/index.cfm?action=airnow.global_summary""}]" persisted with offset 1 and timestamp on 2020-02-21 18:32:55.098</message>
</record>
<record>
  <date>2020-02-21T18:32:55</date>
  <millis>1582302775118</millis>
  <sequence>3</sequence>
  <logger>utils.CSV_Parser</logger>
  <level>INFO</level>
  <class>utils.CSV_Parser</class>
  <method>lambda$main$0</method>
  <thread>1</thread>
  <message>Message US Diplomatic Post: Kabul,Kabul,AF,2019-12-01T19:30:00.000Z,2019-12-02T00:00:00+04:30,pm25,591,µg/m³,34.535812,69.190514,"[{""name"":""EPA AirNow DOS"",""url"":""http://airnow.gov/index.cfm?action=airnow.global_summary""}]" persisted with offset 2 and timestamp on 2020-02-21 18:32:55.112</message>
</record>
<record>
  <date>2020-02-21T18:32:55</date>
  <millis>1582302775154</millis>
  <sequence>4</sequence>
  <logger>utils.CSV_Parser</logger>
  <level>INFO</level>
  <class>utils.CSV_Parser</class>
  <method>lambda$main$0</method>
  <thread>1</thread>
  <message>Message US Diplomatic Post: Kabul,Kabul,AF,2019-12-01T18:30:00.000Z,2019-12-01T23:00:00+04:30,pm25,610,µg/m³,34.535812,69.190514,"[{""name"":""EPA AirNow DOS"",""url"":""http://airnow.gov/index.cfm?action=airnow.global_summary""}]" persisted with offset 3 and timestamp on 2020-02-21 18:32:55.128</message>
</record>
<record>
  <date>2020-02-21T18:32:55</date>
  <millis>1582302775165</millis>
  <sequence>5</sequence>
  <logger>utils.CSV_Parser</logger>
  <level>INFO</level>
  <class>utils.CSV_Parser</class>
  <method>lambda$main$0</method>
  <thread>1</thread>
  <message>Message US Diplomatic Post: Kabul,Kabul,AF,2019-12-01T17:30:00.000Z,2019-12-01T22:00:00+04:30,pm25,426,µg/m³,34.535812,69.190514,"[{""name"":""EPA AirNow DOS"",""url"":""http://airnow.gov/index.cfm?action=airnow.global_summary""}]" persisted with offset 4 and timestamp on 2020-02-21 18:32:55.154</message>
</record>
<record>
  <date>2020-02-21T18:32:55</date>
  <millis>1582302775173</millis>
  <sequence>6</sequence>
  <logger>utils.CSV_Parser</logger>
  <level>INFO</level>
  <class>utils.CSV_Parser</class>
  <method>lambda$main$0</method>
  <thread>1</thread>
  <message>Message US Diplomatic Post: Kabul,Kabul,AF,2019-12-01T16:30:00.000Z,2019-12-01T21:00:00+04:30,pm25,365,µg/m³,34.535812,69.190514,"[{""name"":""EPA AirNow DOS"",""url"":""http://airnow.gov/index.cfm?action=airnow.global_summary""}]" persisted with offset 5 and timestamp on 2020-02-21 18:32:55.165</message>
</record>
<record>
  <date>2020-02-21T18:32:55</date>
  <millis>1582302775179</millis>
  <sequence>7</sequence>
  <logger>utils.CSV_Parser</logger>
  <level>INFO</level>
  <class>utils.CSV_Parser</class>
  <method>lambda$main$0</method>
  <thread>1</thread>
  <message>Message US Diplomatic Post: Kabul,Kabul,AF,2019-12-01T15:30:00.000Z,2019-12-01T20:00:00+04:30,pm25,392,µg/m³,34.535812,69.190514,"[{""name"":""EPA AirNow DOS"",""url"":""http://airnow.gov/index.cfm?action=airnow.global_summary""}]" persisted with offset 6 and timestamp on 2020-02-21 18:32:55.173</message>
</record>
<record>
  <date>2020-02-21T18:32:55</date>
  <millis>1582302775188</millis>
  <sequence>8</sequence>
  <logger>utils.CSV_Parser</logger>
  <level>INFO</level>
  <class>utils.CSV_Parser</class>
  <method>lambda$main$0</method>
  <thread>1</thread>
  <message>Message US Diplomatic Post: Kabul,Kabul,AF,2019-12-01T14:30:00.000Z,2019-12-01T19:00:00+04:30,pm25,193,µg/m³,34.535812,69.190514,"[{""name"":""EPA AirNow DOS"",""url"":""http://airnow.gov/index.cfm?action=airnow.global_summary""}]" persisted with offset 7 and timestamp on 2020-02-21 18:32:55.18</message>
</record>
<record>
  <date>2020-02-21T18:32:55</date>
  <millis>1582302775206</millis>
  <sequence>9</sequence>
  <logger>utils.CSV_Parser</logger>
  <level>INFO</level>
  <class>utils.CSV_Parser</class>
  <method>lambda$main$0</method>
  <thread>1</thread>
  <message>Message US Diplomatic Post: Kabul,Kabul,AF,2019-12-01T13:30:00.000Z,2019-12-01T18:00:00+04:30,pm25,147,µg/m³,34.535812,69.190514,"[{""name"":""EPA AirNow DOS"",""url"":""http://airnow.gov/index.cfm?action=airnow.global_summary""}]" persisted with offset 8 and timestamp on 2020-02-21 18:32:55.188</message>
</record>
<record>
  <date>2020-02-21T18:32:55</date>
  <millis>1582302775213</millis>
  <sequence>10</sequence>
  <logger>utils.CSV_Parser</logger>
  <level>INFO</level>
  <class>utils.CSV_Parser</class>
  <method>lambda$main$0</method>
  <thread>1</thread>
  <message>Message US Diplomatic Post: Kabul,Kabul,AF,2019-12-01T12:30:00.000Z,2019-12-01T17:00:00+04:30,pm25,111,µg/m³,34.535812,69.190514,"[{""name"":""EPA AirNow DOS"",""url"":""http://airnow.gov/index.cfm?action=airnow.global_summary""}]" persisted with offset 9 and timestamp on 2020-02-21 18:32:55.206</message>
</record>
<record>
  <date>2020-02-21T18:32:55</date>
  <millis>1582302775221</millis>
  <sequence>11</sequence>
  <logger>utils.CSV_Parser</logger>
  <level>INFO</level>
  <class>utils.CSV_Parser</class>
  <method>lambda$main$0</method>
  <thread>1</thread>
  <message>Message US Diplomatic Post: Kabul,Kabul,AF,2019-12-01T11:30:00.000Z,2019-12-01T16:00:00+04:30,pm25,88,µg/m³,34.535812,69.190514,"[{""name"":""EPA AirNow DOS"",""url"":""http://airnow.gov/index.cfm?action=airnow.global_summary""}]" persisted with offset 10 and timestamp on 2020-02-21 18:32:55.213</message>
</record>
<record>
  <date>2020-02-21T18:32:55</date>
  <millis>1582302775236</millis>
  <sequence>12</sequence>
  <logger>utils.CSV_Parser</logger>
  <level>INFO</level>
  <class>utils.CSV_Parser</class>
  <method>lambda$main$0</method>
  <thread>1</thread>
  <message>Message US Diplomatic Post: Kabul,Kabul,AF,2019-12-01T10:30:00.000Z,2019-12-01T15:00:00+04:30,pm25,49,µg/m³,34.535812,69.190514,"[{""name"":""EPA AirNow DOS"",""url"":""http://airnow.gov/index.cfm?action=airnow.global_summary""}]" persisted with offset 11 and timestamp on 2020-02-21 18:32:55.221</message>
</record>
<record>
  <date>2020-02-21T18:32:55</date>
  <millis>1582302775251</millis>
  <sequence>13</sequence>
  <logger>utils.CSV_Parser</logger>
  <level>INFO</level>
  <class>utils.CSV_Parser</class>
  <method>lambda$main$0</method>
  <thread>1</thread>
  <message>Message US Diplomatic Post: Kabul,Kabul,AF,2019-12-01T09:30:00.000Z,2019-12-01T14:00:00+04:30,pm25,36,µg/m³,34.535812,69.190514,"[{""name"":""EPA AirNow DOS"",""url"":""http://airnow.gov/index.cfm?action=airnow.global_summary""}]" persisted with offset 12 and timestamp on 2020-02-21 18:32:55.238</message>
</record>
<record>
  <date>2020-02-21T18:32:55</date>
  <millis>1582302775260</millis>
  <sequence>14</sequence>
  <logger>utils.CSV_Parser</logger>
  <level>INFO</level>
  <class>utils.CSV_Parser</class>
  <method>lambda$main$0</method>
  <thread>1</thread>
  <message>Message US Diplomatic Post: Kabul,Kabul,AF,2019-12-01T08:30:00.000Z,2019-12-01T13:00:00+04:30,pm25,36,µg/m³,34.535812,69.190514,"[{""name"":""EPA AirNow DOS"",""url"":""http://airnow.gov/index.cfm?action=airnow.global_summary""}]" persisted with offset 13 and timestamp on 2020-02-21 18:32:55.252</message>
</record>
<record>
  <date>2020-02-21T18:32:55</date>
  <millis>1582302775289</millis>
  <sequence>15</sequence>
  <logger>utils.CSV_Parser</logger>
  <level>INFO</level>
  <class>utils.CSV_Parser</class>
  <method>lambda$main$0</method>
  <thread>1</thread>
  <message>Message US Diplomatic Post: Kabul,Kabul,AF,2019-12-01T07:30:00.000Z,2019-12-01T12:00:00+04:30,pm25,45,µg/m³,34.535812,69.190514,"[{""name"":""EPA AirNow DOS"",""url"":""http://airnow.gov/index.cfm?action=airnow.global_summary""}]" persisted with offset 14 and timestamp on 2020-02-21 18:32:55.261</message>
</record>
<record>
  <date>2020-02-21T18:32:55</date>
  <millis>1582302775296</millis>
  <sequence>16</sequence>
  <logger>utils.CSV_Parser</logger>
  <level>INFO</level>
  <class>utils.CSV_Parser</class>
  <method>lambda$main$0</method>
  <thread>1</thread>
  <message>Message US Diplomatic Post: Kabul,Kabul,AF,2019-12-01T06:30:00.000Z,2019-12-01T11:00:00+04:30,pm25,133,µg/m³,34.535812,69.190514,"[{""name"":""EPA AirNow DOS"",""url"":""http://airnow.gov/index.cfm?action=airnow.global_summary""}]" persisted with offset 15 and timestamp on 2020-02-21 18:32:55.289</message>
</record>
<record>
  <date>2020-02-21T18:32:55</date>
  <millis>1582302775321</millis>
  <sequence>17</sequence>
  <logger>utils.CSV_Parser</logger>
  <level>INFO</level>
  <class>utils.CSV_Parser</class>
  <method>lambda$main$0</method>
  <thread>1</thread>
  <message>Message US Diplomatic Post: Kabul,Kabul,AF,2019-12-01T05:30:00.000Z,2019-12-01T10:00:00+04:30,pm25,232,µg/m³,34.535812,69.190514,"[{""name"":""EPA AirNow DOS"",""url"":""http://airnow.gov/index.cfm?action=airnow.global_summary""}]" persisted with offset 16 and timestamp on 2020-02-21 18:32:55.298</message>
</record>
<record>
  <date>2020-02-21T18:32:55</date>
  <millis>1582302775333</millis>
  <sequence>18</sequence>
  <logger>utils.CSV_Parser</logger>
  <level>INFO</level>
  <class>utils.CSV_Parser</class>
  <method>lambda$main$0</method>
  <thread>1</thread>
  <message>Message US Diplomatic Post: Kabul,Kabul,AF,2019-12-01T04:30:00.000Z,2019-12-01T09:00:00+04:30,pm25,340,µg/m³,34.535812,69.190514,"[{""name"":""EPA AirNow DOS"",""url"":""http://airnow.gov/index.cfm?action=airnow.global_summary""}]" persisted with offset 17 and timestamp on 2020-02-21 18:32:55.321</message>
</record>
<record>
  <date>2020-02-21T18:32:55</date>
  <millis>1582302775351</millis>
  <sequence>19</sequence>
  <logger>utils.CSV_Parser</logger>
  <level>INFO</level>
  <class>utils.CSV_Parser</class>
  <method>lambda$main$0</method>
  <thread>1</thread>
  <message>Message US Diplomatic Post: Kabul,Kabul,AF,2019-12-01T03:30:00.000Z,2019-12-01T08:00:00+04:30,pm25,315,µg/m³,34.535812,69.190514,"[{""name"":""EPA AirNow DOS"",""url"":""http://airnow.gov/index.cfm?action=airnow.global_summary""}]" persisted with offset 18 and timestamp on 2020-02-21 18:32:55.334</message>
</record>
<record>
  <date>2020-02-21T18:32:55</date>
  <millis>1582302775364</millis>
  <sequence>20</sequence>
  <logger>utils.CSV_Parser</logger>
  <level>INFO</level>
  <class>utils.CSV_Parser</class>
  <method>lambda$main$0</method>
  <thread>1</thread>
  <message>Message US Diplomatic Post: Kabul,Kabul,AF,2019-12-01T02:30:00.000Z,2019-12-01T07:00:00+04:30,pm25,244,µg/m³,34.535812,69.190514,"[{""name"":""EPA AirNow DOS"",""url"":""http://airnow.gov/index.cfm?action=airnow.global_summary""}]" persisted with offset 19 and timestamp on 2020-02-21 18:32:55.352</message>
</record>
<record>
  <date>2020-02-21T18:32:55</date>
  <millis>1582302775382</millis>
  <sequence>21</sequence>
  <logger>utils.CSV_Parser</logger>
  <level>INFO</level>
  <class>utils.CSV_Parser</class>
  <method>lambda$main$0</method>
  <thread>1</thread>
  <message>Message US Diplomatic Post: Kabul,Kabul,AF,2019-12-01T01:30:00.000Z,2019-12-01T06:00:00+04:30,pm25,228,µg/m³,34.535812,69.190514,"[{""name"":""EPA AirNow DOS"",""url"":""http://airnow.gov/index.cfm?action=airnow.global_summary""}]" persisted with offset 20 and timestamp on 2020-02-21 18:32:55.364</message>
</record>
<record>
  <date>2020-02-21T18:32:55</date>
  <millis>1582302775392</millis>
  <sequence>22</sequence>
  <logger>utils.CSV_Parser</logger>
  <level>INFO</level>
  <class>utils.CSV_Parser</class>
  <method>lambda$main$0</method>
  <thread>1</thread>
  <message>Message US Diplomatic Post: Kabul,Kabul,AF,2019-12-01T00:30:00.000Z,2019-12-01T05:00:00+04:30,pm25,305,µg/m³,34.535812,69.190514,"[{""name"":""EPA AirNow DOS"",""url"":""http://airnow.gov/index.cfm?action=airnow.global_summary""}]" persisted with offset 21 and timestamp on 2020-02-21 18:32:55.382</message>
</record>
<record>
  <date>2020-02-21T18:32:55</date>
  <millis>1582302775416</millis>
  <sequence>23</sequence>
  <logger>utils.CSV_Parser</logger>
  <level>INFO</level>
  <class>utils.CSV_Parser</class>
  <method>lambda$main$0</method>
  <thread>1</thread>
  <message>Message US Diplomatic Post: Kabul,Kabul,AF,2019-11-30T23:30:00.000Z,2019-12-01T04:00:00+04:30,pm25,410,µg/m³,34.535812,69.190514,"[{""name"":""EPA AirNow DOS"",""url"":""http://airnow.gov/index.cfm?action=airnow.global_summary""}]" persisted with offset 22 and timestamp on 2020-02-21 18:32:55.393</message>
</record>
<record>
  <date>2020-02-21T18:32:55</date>
  <millis>1582302775429</millis>
  <sequence>24</sequence>
  <logger>utils.CSV_Parser</logger>
  <level>INFO</level>
  <class>utils.CSV_Parser</class>
  <method>lambda$main$0</method>
  <thread>1</thread>
  <message>Message US Diplomatic Post: Kabul,Kabul,AF,2019-11-30T22:30:00.000Z,2019-12-01T03:00:00+04:30,pm25,261,µg/m³,34.535812,69.190514,"[{""name"":""EPA AirNow DOS"",""url"":""http://airnow.gov/index.cfm?action=airnow.global_summary""}]" persisted with offset 23 and timestamp on 2020-02-21 18:32:55.416</message>
</record>
<record>
  <date>2020-02-21T18:32:55</date>
  <millis>1582302775445</millis>
  <sequence>25</sequence>
  <logger>utils.CSV_Parser</logger>
  <level>INFO</level>
  <class>utils.CSV_Parser</class>
  <method>lambda$main$0</method>
  <thread>1</thread>
  <message>Message Netley,Adelaide,AU,2020-02-13T10:30:00.000Z,2020-02-13T21:00:00+10:30,o3,0.022,ppm,-34.9438035,138.549098,"[{""name"":""Environment Protection Authority (EPA), South Australia"",""url"":""https://data.sa.gov.au/data/dataset/recent-air-quality""}]" persisted with offset 24 and timestamp on 2020-02-21 18:32:55.43</message>
</record>
<record>
  <date>2020-02-21T18:32:55</date>
  <millis>1582302775452</millis>
  <sequence>26</sequence>
  <logger>utils.CSV_Parser</logger>
  <level>INFO</level>
  <class>utils.CSV_Parser</class>
  <method>lambda$main$0</method>
  <thread>1</thread>
  <message>Message Netley,Adelaide,AU,2020-02-13T10:30:00.000Z,2020-02-13T21:00:00+10:30,no2,0.003,ppm,-34.9438035,138.549098,"[{""name"":""Environment Protection Authority (EPA), South Australia"",""url"":""https://data.sa.gov.au/data/dataset/recent-air-quality""}]" persisted with offset 25 and timestamp on 2020-02-21 18:32:55.446</message>
</record>
<record>
  <date>2020-02-21T18:32:55</date>
  <millis>1582302775463</millis>
  <sequence>27</sequence>
  <logger>utils.CSV_Parser</logger>
  <level>INFO</level>
  <class>utils.CSV_Parser</class>
  <method>lambda$main$0</method>
  <thread>1</thread>
  <message>Message Netley,Adelaide,AU,2020-02-13T10:30:00.000Z,2020-02-13T21:00:00+10:30,pm10,21,µg/m³,-34.9438035,138.549098,"[{""name"":""Environment Protection Authority (EPA), South Australia"",""url"":""https://data.sa.gov.au/data/dataset/recent-air-quality""}]" persisted with offset 26 and timestamp on 2020-02-21 18:32:55.453</message>
</record>
<record>
  <date>2020-02-21T18:32:55</date>
  <millis>1582302775484</millis>
  <sequence>28</sequence>
  <logger>utils.CSV_Parser</logger>
  <level>INFO</level>
  <class>utils.CSV_Parser</class>
  <method>lambda$main$0</method>
  <thread>1</thread>
  <message>Message Netley,Adelaide,AU,2020-02-13T10:30:00.000Z,2020-02-13T21:00:00+10:30,pm25,5,µg/m³,-34.9438035,138.549098,"[{""name"":""Environment Protection Authority (EPA), South Australia"",""url"":""https://data.sa.gov.au/data/dataset/recent-air-quality""}]" persisted with offset 27 and timestamp on 2020-02-21 18:32:55.464</message>
</record>
<record>
  <date>2020-02-21T18:32:55</date>
  <millis>1582302775498</millis>
  <sequence>29</sequence>
  <logger>utils.CSV_Parser</logger>
  <level>INFO</level>
  <class>utils.CSV_Parser</class>
  <method>lambda$main$0</method>
  <thread>1</thread>
  <message>Message Le Fevre 1,Adelaide,AU,2020-02-13T10:30:00.000Z,2020-02-13T21:00:00+10:30,co,0.25,ppm,-34.8386688,138.4963475,"[{""name"":""Environment Protection Authority (EPA), South Australia"",""url"":""https://data.sa.gov.au/data/dataset/recent-air-quality""}]" persisted with offset 28 and timestamp on 2020-02-21 18:32:55.485</message>
</record>
<record>
  <date>2020-02-21T18:32:55</date>
  <millis>1582302775506</millis>
  <sequence>30</sequence>
  <logger>utils.CSV_Parser</logger>
  <level>INFO</level>
  <class>utils.CSV_Parser</class>
  <method>lambda$main$0</method>
  <thread>1</thread>
  <message>Message Le Fevre 1,Adelaide,AU,2020-02-13T10:30:00.000Z,2020-02-13T21:00:00+10:30,pm10,13,µg/m³,-34.8386688,138.4963475,"[{""name"":""Environment Protection Authority (EPA), South Australia"",""url"":""https://data.sa.gov.au/data/dataset/recent-air-quality""}]" persisted with offset 29 and timestamp on 2020-02-21 18:32:55.499</message>
</record>
<record>
  <date>2020-02-21T18:32:55</date>
  <millis>1582302775520</millis>
  <sequence>31</sequence>
  <logger>utils.CSV_Parser</logger>
  <level>INFO</level>
  <class>utils.CSV_Parser</class>
  <method>lambda$main$0</method>
  <thread>1</thread>
  <message>Message Le Fevre 1,Adelaide,AU,2020-02-13T10:30:00.000Z,2020-02-13T21:00:00+10:30,pm25,9,µg/m³,-34.8386688,138.4963475,"[{""name"":""Environment Protection Authority (EPA), South Australia"",""url"":""https://data.sa.gov.au/data/dataset/recent-air-quality""}]" persisted with offset 30 and timestamp on 2020-02-21 18:32:55.507</message>
</record>
<record>
  <date>2020-02-21T18:32:55</date>
  <millis>1582302775536</millis>
  <sequence>32</sequence>
  <logger>utils.CSV_Parser</logger>
  <level>INFO</level>
  <class>utils.CSV_Parser</class>
  <method>lambda$main$0</method>
  <thread>1</thread>
  <message>Message Le Fevre 2,Adelaide,AU,2020-02-13T10:30:00.000Z,2020-02-13T21:00:00+10:30,o3,0.019,ppm,-34.79128,138.4978642,"[{""name"":""Environment Protection Authority (EPA), South Australia"",""url"":""https://data.sa.gov.au/data/dataset/recent-air-quality""}]" persisted with offset 31 and timestamp on 2020-02-21 18:32:55.521</message>
</record>
<record>
  <date>2020-02-21T18:32:55</date>
  <millis>1582302775565</millis>
  <sequence>33</sequence>
  <logger>utils.CSV_Parser</logger>
  <level>INFO</level>
  <class>utils.CSV_Parser</class>
  <method>lambda$main$0</method>
  <thread>1</thread>
  <message>Message Le Fevre 2,Adelaide,AU,2020-02-13T10:30:00.000Z,2020-02-13T21:00:00+10:30,no2,0.001,ppm,-34.79128,138.4978642,"[{""name"":""Environment Protection Authority (EPA), South Australia"",""url"":""https://data.sa.gov.au/data/dataset/recent-air-quality""}]" persisted with offset 32 and timestamp on 2020-02-21 18:32:55.537</message>
</record>
<record>
  <date>2020-02-21T18:32:55</date>
  <millis>1582302775583</millis>
  <sequence>34</sequence>
  <logger>utils.CSV_Parser</logger>
  <level>INFO</level>
  <class>utils.CSV_Parser</class>
  <method>lambda$main$0</method>
  <thread>1</thread>
  <message>Message Le Fevre 2,Adelaide,AU,2020-02-13T10:30:00.000Z,2020-02-13T21:00:00+10:30,so2,0.001,ppm,-34.79128,138.4978642,"[{""name"":""Environment Protection Authority (EPA), South Australia"",""url"":""https://data.sa.gov.au/data/dataset/recent-air-quality""}]" persisted with offset 33 and timestamp on 2020-02-21 18:32:55.565</message>
</record>
<record>
  <date>2020-02-21T18:32:55</date>
  <millis>1582302775596</millis>
  <sequence>35</sequence>
  <logger>utils.CSV_Parser</logger>
  <level>INFO</level>
  <class>utils.CSV_Parser</class>
  <method>lambda$main$0</method>
  <thread>1</thread>
  <message>Message Le Fevre 2,Adelaide,AU,2020-02-13T10:30:00.000Z,2020-02-13T21:00:00+10:30,pm10,14,µg/m³,-34.79128,138.4978642,"[{""name"":""Environment Protection Authority (EPA), South Australia"",""url"":""https://data.sa.gov.au/data/dataset/recent-air-quality""}]" persisted with offset 34 and timestamp on 2020-02-21 18:32:55.583</message>
</record>
<record>
  <date>2020-02-21T18:32:55</date>
  <millis>1582302775614</millis>
  <sequence>36</sequence>
  <logger>utils.CSV_Parser</logger>
  <level>INFO</level>
  <class>utils.CSV_Parser</class>
  <method>lambda$main$0</method>
  <thread>1</thread>
  <message>Message Le Fevre 2,Adelaide,AU,2020-02-13T10:30:00.000Z,2020-02-13T21:00:00+10:30,pm25,4,µg/m³,-34.79128,138.4978642,"[{""name"":""Environment Protection Authority (EPA), South Australia"",""url"":""https://data.sa.gov.au/data/dataset/recent-air-quality""}]" persisted with offset 35 and timestamp on 2020-02-21 18:32:55.599</message>
</record>
<record>
  <date>2020-02-21T18:32:55</date>
  <millis>1582302775644</millis>
  <sequence>37</sequence>
  <logger>utils.CSV_Parser</logger>
  <level>INFO</level>
  <class>utils.CSV_Parser</class>
  <method>lambda$main$0</method>
  <thread>1</thread>
  <message>Message Northfield (gases only),Adelaide,AU,2020-02-13T10:30:00.000Z,2020-02-13T21:00:00+10:30,o3,0.02,ppm,-34.8620143,138.6229313,"[{""name"":""Environment Protection Authority (EPA), South Australia"",""url"":""https://data.sa.gov.au/data/dataset/recent-air-quality""}]" persisted with offset 36 and timestamp on 2020-02-21 18:32:55.614</message>
</record>
<record>
  <date>2020-02-21T18:32:55</date>
  <millis>1582302775663</millis>
  <sequence>38</sequence>
  <logger>utils.CSV_Parser</logger>
  <level>INFO</level>
  <class>utils.CSV_Parser</class>
  <method>lambda$main$0</method>
  <thread>1</thread>
  <message>Message Northfield (gases only),Adelaide,AU,2020-02-13T10:30:00.000Z,2020-02-13T21:00:00+10:30,no2,0.006,ppm,-34.8620143,138.6229313,"[{""name"":""Environment Protection Authority (EPA), South Australia"",""url"":""https://data.sa.gov.au/data/dataset/recent-air-quality""}]" persisted with offset 37 and timestamp on 2020-02-21 18:32:55.644</message>
</record>
<record>
  <date>2020-02-21T18:32:55</date>
  <millis>1582302775683</millis>
  <sequence>39</sequence>
  <logger>utils.CSV_Parser</logger>
  <level>INFO</level>
  <class>utils.CSV_Parser</class>
  <method>lambda$main$0</method>
  <thread>1</thread>
  <message>Message CBD,Adelaide,AU,2020-02-13T10:30:00.000Z,2020-02-13T21:00:00+10:30,no2,0.018,ppm,-34.92889,138.6010841,"[{""name"":""Environment Protection Authority (EPA), South Australia"",""url"":""https://data.sa.gov.au/data/dataset/recent-air-quality""}]" persisted with offset 38 and timestamp on 2020-02-21 18:32:55.664</message>
</record>
<record>
  <date>2020-02-21T18:32:55</date>
  <millis>1582302775692</millis>
  <sequence>40</sequence>
  <logger>utils.CSV_Parser</logger>
  <level>INFO</level>
  <class>utils.CSV_Parser</class>
  <method>lambda$main$0</method>
  <thread>1</thread>
  <message>Message CBD,Adelaide,AU,2020-02-13T10:30:00.000Z,2020-02-13T21:00:00+10:30,pm10,13.1,µg/m³,-34.92889,138.6010841,"[{""name"":""Environment Protection Authority (EPA), South Australia"",""url"":""https://data.sa.gov.au/data/dataset/recent-air-quality""}]" persisted with offset 39 and timestamp on 2020-02-21 18:32:55.684</message>
</record>
<record>
  <date>2020-02-21T18:32:55</date>
  <millis>1582302775697</millis>
  <sequence>41</sequence>
  <logger>utils.CSV_Parser</logger>
  <level>INFO</level>
  <class>utils.CSV_Parser</class>
  <method>lambda$main$0</method>
  <thread>1</thread>
  <message>Message CBD,Adelaide,AU,2020-02-13T10:30:00.000Z,2020-02-13T21:00:00+10:30,pm25,5.6,µg/m³,-34.92889,138.6010841,"[{""name"":""Environment Protection Authority (EPA), South Australia"",""url"":""https://data.sa.gov.au/data/dataset/recent-air-quality""}]" persisted with offset 40 and timestamp on 2020-02-21 18:32:55.692</message>
</record>
<record>
  <date>2020-02-21T18:32:55</date>
  <millis>1582302775703</millis>
  <sequence>42</sequence>
  <logger>utils.CSV_Parser</logger>
  <level>INFO</level>
  <class>utils.CSV_Parser</class>
  <method>lambda$main$0</method>
  <thread>1</thread>
  <message>Message CBD,Adelaide,AU,2020-02-13T10:30:00.000Z,2020-02-13T21:00:00+10:30,co,0.29,ppm,-34.92889,138.6010841,"[{""name"":""Environment Protection Authority (EPA), South Australia"",""url"":""https://data.sa.gov.au/data/dataset/recent-air-quality""}]" persisted with offset 41 and timestamp on 2020-02-21 18:32:55.697</message>
</record>
<record>
  <date>2020-02-21T18:32:55</date>
  <millis>1582302775720</millis>
  <sequence>43</sequence>
  <logger>utils.CSV_Parser</logger>
  <level>INFO</level>
  <class>utils.CSV_Parser</class>
  <method>lambda$main$0</method>
  <thread>1</thread>
  <message>Message Christies,Adelaide,AU,2020-02-13T10:30:00.000Z,2020-02-13T21:00:00+10:30,pm10,10,µg/m³,-35.1349443,138.4951966,"[{""name"":""Environment Protection Authority (EPA), South Australia"",""url"":""https://data.sa.gov.au/data/dataset/recent-air-quality""}]" persisted with offset 42 and timestamp on 2020-02-21 18:32:55.704</message>
</record>
<record>
  <date>2020-02-21T18:32:55</date>
  <millis>1582302775730</millis>
  <sequence>44</sequence>
  <logger>utils.CSV_Parser</logger>
  <level>INFO</level>
  <class>utils.CSV_Parser</class>
  <method>lambda$main$0</method>
  <thread>1</thread>
  <message>Message Christies,Adelaide,AU,2020-02-13T10:30:00.000Z,2020-02-13T21:00:00+10:30,no2,0.004,ppm,-35.1349443,138.4951966,"[{""name"":""Environment Protection Authority (EPA), South Australia"",""url"":""https://data.sa.gov.au/data/dataset/recent-air-quality""}]" persisted with offset 43 and timestamp on 2020-02-21 18:32:55.721</message>
</record>
<record>
  <date>2020-02-21T18:32:55</date>
  <millis>1582302775747</millis>
  <sequence>45</sequence>
  <logger>utils.CSV_Parser</logger>
  <level>INFO</level>
  <class>utils.CSV_Parser</class>
  <method>lambda$main$0</method>
  <thread>1</thread>
  <message>Message Christies,Adelaide,AU,2020-02-13T10:30:00.000Z,2020-02-13T21:00:00+10:30,o3,0.022,ppm,-35.1349443,138.4951966,"[{""name"":""Environment Protection Authority (EPA), South Australia"",""url"":""https://data.sa.gov.au/data/dataset/recent-air-quality""}]" persisted with offset 44 and timestamp on 2020-02-21 18:32:55.73</message>
</record>
<record>
  <date>2020-02-21T18:32:55</date>
  <millis>1582302775755</millis>
  <sequence>46</sequence>
  <logger>utils.CSV_Parser</logger>
  <level>INFO</level>
  <class>utils.CSV_Parser</class>
  <method>lambda$main$0</method>
  <thread>1</thread>
  <message>Message CBD,Adelaide,AU,2020-02-13T09:30:00.000Z,2020-02-13T20:00:00+10:30,co,0.26,ppm,-34.92889,138.6010841,"[{""name"":""Environment Protection Authority (EPA), South Australia"",""url"":""https://data.sa.gov.au/data/dataset/recent-air-quality""}]" persisted with offset 45 and timestamp on 2020-02-21 18:32:55.747</message>
</record>
<record>
  <date>2020-02-21T18:32:55</date>
  <millis>1582302775762</millis>
  <sequence>47</sequence>
  <logger>utils.CSV_Parser</logger>
  <level>INFO</level>
  <class>utils.CSV_Parser</class>
  <method>lambda$main$0</method>
  <thread>1</thread>
  <message>Message Le Fevre 2,Adelaide,AU,2020-02-13T09:30:00.000Z,2020-02-13T20:00:00+10:30,o3,0.02,ppm,-34.79128,138.4978642,"[{""name"":""Environment Protection Authority (EPA), South Australia"",""url"":""https://data.sa.gov.au/data/dataset/recent-air-quality""}]" persisted with offset 46 and timestamp on 2020-02-21 18:32:55.755</message>
</record>
<record>
  <date>2020-02-21T18:32:55</date>
  <millis>1582302775780</millis>
  <sequence>48</sequence>
  <logger>utils.CSV_Parser</logger>
  <level>INFO</level>
  <class>utils.CSV_Parser</class>
  <method>lambda$main$0</method>
  <thread>1</thread>
  <message>Message Le Fevre 2,Adelaide,AU,2020-02-13T09:30:00.000Z,2020-02-13T20:00:00+10:30,no2,0.001,ppm,-34.79128,138.4978642,"[{""name"":""Environment Protection Authority (EPA), South Australia"",""url"":""https://data.sa.gov.au/data/dataset/recent-air-quality""}]" persisted with offset 47 and timestamp on 2020-02-21 18:32:55.763</message>
</record>
<record>
  <date>2020-02-21T18:32:55</date>
  <millis>1582302775788</millis>
  <sequence>49</sequence>
  <logger>utils.CSV_Parser</logger>
  <level>INFO</level>
  <class>utils.CSV_Parser</class>
  <method>lambda$main$0</method>
  <thread>1</thread>
  <message>Message Le Fevre 2,Adelaide,AU,2020-02-13T09:30:00.000Z,2020-02-13T20:00:00+10:30,so2,0.001,ppm,-34.79128,138.4978642,"[{""name"":""Environment Protection Authority (EPA), South Australia"",""url"":""https://data.sa.gov.au/data/dataset/recent-air-quality""}]" persisted with offset 48 and timestamp on 2020-02-21 18:32:55.78</message>
</record>
<record>
  <date>2020-02-21T18:32:55</date>
  <millis>1582302775801</millis>
  <sequence>50</sequence>
  <logger>utils.CSV_Parser</logger>
  <level>INFO</level>
  <class>utils.CSV_Parser</class>
  <method>lambda$main$0</method>
  <thread>1</thread>
  <message>Message Le Fevre 2,Adelaide,AU,2020-02-13T09:30:00.000Z,2020-02-13T20:00:00+10:30,pm10,17,µg/m³,-34.79128,138.4978642,"[{""name"":""Environment Protection Authority (EPA), South Australia"",""url"":""https://data.sa.gov.au/data/dataset/recent-air-quality""}]" persisted with offset 49 and timestamp on 2020-02-21 18:32:55.789</message>
</record>
<record>
  <date>2020-02-21T18:32:55</date>
  <millis>1582302775815</millis>
  <sequence>51</sequence>
  <logger>utils.CSV_Parser</logger>
  <level>INFO</level>
  <class>utils.CSV_Parser</class>
  <method>lambda$main$0</method>
  <thread>1</thread>
  <message>Message Le Fevre 2,Adelaide,AU,2020-02-13T09:30:00.000Z,2020-02-13T20:00:00+10:30,pm25,2,µg/m³,-34.79128,138.4978642,"[{""name"":""Environment Protection Authority (EPA), South Australia"",""url"":""https://data.sa.gov.au/data/dataset/recent-air-quality""}]" persisted with offset 50 and timestamp on 2020-02-21 18:32:55.801</message>
</record>
<record>
  <date>2020-02-21T18:32:55</date>
  <millis>1582302775823</millis>
  <sequence>52</sequence>
  <logger>utils.CSV_Parser</logger>
  <level>INFO</level>
  <class>utils.CSV_Parser</class>
  <method>lambda$main$0</method>
  <thread>1</thread>
  <message>Message Northfield (gases only),Adelaide,AU,2020-02-13T09:30:00.000Z,2020-02-13T20:00:00+10:30,o3,0.024,ppm,-34.8620143,138.6229313,"[{""name"":""Environment Protection Authority (EPA), South Australia"",""url"":""https://data.sa.gov.au/data/dataset/recent-air-quality""}]" persisted with offset 51 and timestamp on 2020-02-21 18:32:55.815</message>
</record>
<record>
  <date>2020-02-21T18:32:55</date>
  <millis>1582302775848</millis>
  <sequence>53</sequence>
  <logger>utils.CSV_Parser</logger>
  <level>INFO</level>
  <class>utils.CSV_Parser</class>
  <method>lambda$main$0</method>
  <thread>1</thread>
  <message>Message Northfield (gases only),Adelaide,AU,2020-02-13T09:30:00.000Z,2020-02-13T20:00:00+10:30,no2,0.004,ppm,-34.8620143,138.6229313,"[{""name"":""Environment Protection Authority (EPA), South Australia"",""url"":""https://data.sa.gov.au/data/dataset/recent-air-quality""}]" persisted with offset 52 and timestamp on 2020-02-21 18:32:55.823</message>
</record>
<record>
  <date>2020-02-21T18:32:55</date>
  <millis>1582302775852</millis>
  <sequence>54</sequence>
  <logger>utils.CSV_Parser</logger>
  <level>INFO</level>
  <class>utils.CSV_Parser</class>
  <method>lambda$main$0</method>
  <thread>1</thread>
  <message>Message Brighton,Melbourne,AU,2020-02-13T10:00:00.000Z,2020-02-13T21:00:00+11:00,pm25,1.9,µg/m³,-37.9135475,144.998,"[{""name"":""EPA Victoria State Government of Victoria"",""url"":""https://www.epa.vic.gov.au/EPAAirWatch""}]" persisted with offset 53 and timestamp on 2020-02-21 18:32:55.849</message>
</record>
<record>
  <date>2020-02-21T18:32:55</date>
  <millis>1582302775857</millis>
  <sequence>55</sequence>
  <logger>utils.CSV_Parser</logger>
  <level>INFO</level>
  <class>utils.CSV_Parser</class>
  <method>lambda$main$0</method>
  <thread>1</thread>
  <message>Message Box Hill,Melbourne,AU,2020-02-13T10:00:00.000Z,2020-02-13T21:00:00+11:00,pm25,1.3,µg/m³,-37.8287277,145.1324,"[{""name"":""EPA Victoria State Government of Victoria"",""url"":""https://www.epa.vic.gov.au/EPAAirWatch""}]" persisted with offset 54 and timestamp on 2020-02-21 18:32:55.852</message>
</record>
<record>
  <date>2020-02-21T18:32:55</date>
  <millis>1582302775870</millis>
  <sequence>56</sequence>
  <logger>utils.CSV_Parser</logger>
  <level>INFO</level>
  <class>utils.CSV_Parser</class>
  <method>lambda$main$0</method>
  <thread>1</thread>
  <message>Message Alphington,Melbourne,AU,2020-02-13T10:00:00.000Z,2020-02-13T21:00:00+11:00,so2,0.00012,ppm,-37.7784081,145.0306,"[{""name"":""EPA Victoria State Government of Victoria"",""url"":""https://www.epa.vic.gov.au/EPAAirWatch""}]" persisted with offset 55 and timestamp on 2020-02-21 18:32:55.857</message>
</record>
<record>
  <date>2020-02-21T18:32:55</date>
  <millis>1582302775885</millis>
  <sequence>57</sequence>
  <logger>utils.CSV_Parser</logger>
  <level>INFO</level>
  <class>utils.CSV_Parser</class>
  <method>lambda$main$0</method>
  <thread>1</thread>
  <message>Message Alphington,Melbourne,AU,2020-02-13T10:00:00.000Z,2020-02-13T21:00:00+11:00,co,0.14,ppm,-37.7784081,145.0306,"[{""name"":""EPA Victoria State Government of Victoria"",""url"":""https://www.epa.vic.gov.au/EPAAirWatch""}]" persisted with offset 56 and timestamp on 2020-02-21 18:32:55.87</message>
</record>
<record>
  <date>2020-02-21T18:32:55</date>
  <millis>1582302775893</millis>
  <sequence>58</sequence>
  <logger>utils.CSV_Parser</logger>
  <level>INFO</level>
  <class>utils.CSV_Parser</class>
  <method>lambda$main$0</method>
  <thread>1</thread>
  <message>Message Alphington,Melbourne,AU,2020-02-13T10:00:00.000Z,2020-02-13T21:00:00+11:00,o3,0.012,ppm,-37.7784081,145.0306,"[{""name"":""EPA Victoria State Government of Victoria"",""url"":""https://www.epa.vic.gov.au/EPAAirWatch""}]" persisted with offset 57 and timestamp on 2020-02-21 18:32:55.886</message>
</record>
<record>
  <date>2020-02-21T18:32:55</date>
  <millis>1582302775901</millis>
  <sequence>59</sequence>
  <logger>utils.CSV_Parser</logger>
  <level>INFO</level>
  <class>utils.CSV_Parser</class>
  <method>lambda$main$0</method>
  <thread>1</thread>
  <message>Message Alphington,Melbourne,AU,2020-02-13T10:00:00.000Z,2020-02-13T21:00:00+11:00,pm10,7.5,µg/m³,-37.7784081,145.0306,"[{""name"":""EPA Victoria State Government of Victoria"",""url"":""https://www.epa.vic.gov.au/EPAAirWatch""}]" persisted with offset 58 and timestamp on 2020-02-21 18:32:55.894</message>
</record>
<record>
  <date>2020-02-21T18:32:55</date>
  <millis>1582302775906</millis>
  <sequence>60</sequence>
  <logger>utils.CSV_Parser</logger>
  <level>INFO</level>
  <class>utils.CSV_Parser</class>
  <method>lambda$main$0</method>
  <thread>1</thread>
  <message>Message Alphington,Melbourne,AU,2020-02-13T10:00:00.000Z,2020-02-13T21:00:00+11:00,no2,0.004,ppm,-37.7784081,145.0306,"[{""name"":""EPA Victoria State Government of Victoria"",""url"":""https://www.epa.vic.gov.au/EPAAirWatch""}]" persisted with offset 59 and timestamp on 2020-02-21 18:32:55.901</message>
</record>
<record>
  <date>2020-02-21T18:32:55</date>
  <millis>1582302775914</millis>
  <sequence>61</sequence>
  <logger>utils.CSV_Parser</logger>
  <level>INFO</level>
  <class>utils.CSV_Parser</class>
  <method>lambda$main$0</method>
  <thread>1</thread>
  <message>Message Alphington,Melbourne,AU,2020-02-13T10:00:00.000Z,2020-02-13T21:00:00+11:00,pm25,4.7,µg/m³,-37.7784081,145.0306,"[{""name"":""EPA Victoria State Government of Victoria"",""url"":""https://www.epa.vic.gov.au/EPAAirWatch""}]" persisted with offset 60 and timestamp on 2020-02-21 18:32:55.906</message>
</record>
<record>
  <date>2020-02-21T18:32:55</date>
  <millis>1582302775928</millis>
  <sequence>62</sequence>
  <logger>utils.CSV_Parser</logger>
  <level>INFO</level>
  <class>utils.CSV_Parser</class>
  <method>lambda$main$0</method>
  <thread>1</thread>
  <message>Message Dandenong,Melbourne,AU,2020-02-13T10:00:00.000Z,2020-02-13T21:00:00+11:00,pm25,3.8,µg/m³,-37.98576,145.1987,"[{""name"":""EPA Victoria State Government of Victoria"",""url"":""https://www.epa.vic.gov.au/EPAAirWatch""}]" persisted with offset 61 and timestamp on 2020-02-21 18:32:55.914</message>
</record>
<record>
  <date>2020-02-21T18:32:55</date>
  <millis>1582302775936</millis>
  <sequence>63</sequence>
  <logger>utils.CSV_Parser</logger>
  <level>INFO</level>
  <class>utils.CSV_Parser</class>
  <method>lambda$main$0</method>
  <thread>1</thread>
  <message>Message Dandenong,Melbourne,AU,2020-02-13T10:00:00.000Z,2020-02-13T21:00:00+11:00,no2,0.005,ppm,-37.98576,145.1987,"[{""name"":""EPA Victoria State Government of Victoria"",""url"":""https://www.epa.vic.gov.au/EPAAirWatch""}]" persisted with offset 62 and timestamp on 2020-02-21 18:32:55.929</message>
</record>
<record>
  <date>2020-02-21T18:32:55</date>
  <millis>1582302775939</millis>
  <sequence>64</sequence>
  <logger>utils.CSV_Parser</logger>
  <level>INFO</level>
  <class>utils.CSV_Parser</class>
  <method>lambda$main$0</method>
  <thread>1</thread>
  <message>Message Dandenong,Melbourne,AU,2020-02-13T10:00:00.000Z,2020-02-13T21:00:00+11:00,pm10,14.3,µg/m³,-37.98576,145.1987,"[{""name"":""EPA Victoria State Government of Victoria"",""url"":""https://www.epa.vic.gov.au/EPAAirWatch""}]" persisted with offset 63 and timestamp on 2020-02-21 18:32:55.937</message>
</record>
<record>
  <date>2020-02-21T18:32:55</date>
  <millis>1582302775945</millis>
  <sequence>65</sequence>
  <logger>utils.CSV_Parser</logger>
  <level>INFO</level>
  <class>utils.CSV_Parser</class>
  <method>lambda$main$0</method>
  <thread>1</thread>
  <message>Message Dandenong,Melbourne,AU,2020-02-13T10:00:00.000Z,2020-02-13T21:00:00+11:00,o3,0.007,ppm,-37.98576,145.1987,"[{""name"":""EPA Victoria State Government of Victoria"",""url"":""https://www.epa.vic.gov.au/EPAAirWatch""}]" persisted with offset 64 and timestamp on 2020-02-21 18:32:55.939</message>
</record>
<record>
  <date>2020-02-21T18:32:55</date>
  <millis>1582302775955</millis>
  <sequence>66</sequence>
  <logger>utils.CSV_Parser</logger>
  <level>INFO</level>
  <class>utils.CSV_Parser</class>
  <method>lambda$main$0</method>
  <thread>1</thread>
  <message>Message Brooklyn,Melbourne,AU,2020-02-13T10:00:00.000Z,2020-02-13T21:00:00+11:00,pm10,9.4,µg/m³,-37.8220978,144.8471,"[{""name"":""EPA Victoria State Government of Victoria"",""url"":""https://www.epa.vic.gov.au/EPAAirWatch""}]" persisted with offset 65 and timestamp on 2020-02-21 18:32:55.945</message>
</record>
<record>
  <date>2020-02-21T18:32:55</date>
  <millis>1582302775964</millis>
  <sequence>67</sequence>
  <logger>utils.CSV_Parser</logger>
  <level>INFO</level>
  <class>utils.CSV_Parser</class>
  <method>lambda$main$0</method>
  <thread>1</thread>
  <message>Message Brooklyn,Melbourne,AU,2020-02-13T10:00:00.000Z,2020-02-13T21:00:00+11:00,pm25,4.4,µg/m³,-37.8220978,144.8471,"[{""name"":""EPA Victoria State Government of Victoria"",""url"":""https://www.epa.vic.gov.au/EPAAirWatch""}]" persisted with offset 66 and timestamp on 2020-02-21 18:32:55.956</message>
</record>
<record>
  <date>2020-02-21T18:32:55</date>
  <millis>1582302775970</millis>
  <sequence>68</sequence>
  <logger>utils.CSV_Parser</logger>
  <level>INFO</level>
  <class>utils.CSV_Parser</class>
  <method>lambda$main$0</method>
  <thread>1</thread>
  <message>Message Mooroolbark,Melbourne,AU,2020-02-13T10:00:00.000Z,2020-02-13T21:00:00+11:00,pm10,5.7,µg/m³,-37.7749672,145.3285,"[{""name"":""EPA Victoria State Government of Victoria"",""url"":""https://www.epa.vic.gov.au/EPAAirWatch""}]" persisted with offset 67 and timestamp on 2020-02-21 18:32:55.965</message>
</record>
<record>
  <date>2020-02-21T18:32:55</date>
  <millis>1582302775981</millis>
  <sequence>69</sequence>
  <logger>utils.CSV_Parser</logger>
  <level>INFO</level>
  <class>utils.CSV_Parser</class>
  <method>lambda$main$0</method>
  <thread>1</thread>
  <message>Message Mooroolbark,Melbourne,AU,2020-02-13T10:00:00.000Z,2020-02-13T21:00:00+11:00,pm25,4.3,µg/m³,-37.7749672,145.3285,"[{""name"":""EPA Victoria State Government of Victoria"",""url"":""https://www.epa.vic.gov.au/EPAAirWatch""}]" persisted with offset 68 and timestamp on 2020-02-21 18:32:55.97</message>
</record>
<record>
  <date>2020-02-21T18:32:55</date>
  <millis>1582302775992</millis>
  <sequence>70</sequence>
  <logger>utils.CSV_Parser</logger>
  <level>INFO</level>
  <class>utils.CSV_Parser</class>
  <method>lambda$main$0</method>
  <thread>1</thread>
  <message>Message Mooroolbark,Melbourne,AU,2020-02-13T10:00:00.000Z,2020-02-13T21:00:00+11:00,o3,0.011,ppm,-37.7749672,145.3285,"[{""name"":""EPA Victoria State Government of Victoria"",""url"":""https://www.epa.vic.gov.au/EPAAirWatch""}]" persisted with offset 69 and timestamp on 2020-02-21 18:32:55.981</message>
</record>
<record>
  <date>2020-02-21T18:32:56</date>
  <millis>1582302776003</millis>
  <sequence>71</sequence>
  <logger>utils.CSV_Parser</logger>
  <level>INFO</level>
  <class>utils.CSV_Parser</class>
  <method>lambda$main$0</method>
  <thread>1</thread>
  <message>Message Footscray,Melbourne,AU,2020-02-13T10:00:00.000Z,2020-02-13T21:00:00+11:00,pm10,12,µg/m³,-37.80488,144.8728,"[{""name"":""EPA Victoria State Government of Victoria"",""url"":""https://www.epa.vic.gov.au/EPAAirWatch""}]" persisted with offset 70 and timestamp on 2020-02-21 18:32:55.992</message>
</record>
<record>
  <date>2020-02-21T18:32:56</date>
  <millis>1582302776019</millis>
  <sequence>72</sequence>
  <logger>utils.CSV_Parser</logger>
  <level>INFO</level>
  <class>utils.CSV_Parser</class>
  <method>lambda$main$0</method>
  <thread>1</thread>
  <message>Message Footscray,Melbourne,AU,2020-02-13T10:00:00.000Z,2020-02-13T21:00:00+11:00,co,0.21,ppm,-37.80488,144.8728,"[{""name"":""EPA Victoria State Government of Victoria"",""url"":""https://www.epa.vic.gov.au/EPAAirWatch""}]" persisted with offset 71 and timestamp on 2020-02-21 18:32:56.003</message>
</record>
<record>
  <date>2020-02-21T18:32:56</date>
  <millis>1582302776034</millis>
  <sequence>73</sequence>
  <logger>utils.CSV_Parser</logger>
  <level>INFO</level>
  <class>utils.CSV_Parser</class>
  <method>lambda$main$0</method>
  <thread>1</thread>
  <message>Message Footscray,Melbourne,AU,2020-02-13T10:00:00.000Z,2020-02-13T21:00:00+11:00,o3,0.004,ppm,-37.80488,144.8728,"[{""name"":""EPA Victoria State Government of Victoria"",""url"":""https://www.epa.vic.gov.au/EPAAirWatch""}]" persisted with offset 72 and timestamp on 2020-02-21 18:32:56.019</message>
</record>
<record>
  <date>2020-02-21T18:32:56</date>
  <millis>1582302776046</millis>
  <sequence>74</sequence>
  <logger>utils.CSV_Parser</logger>
  <level>INFO</level>
  <class>utils.CSV_Parser</class>
  <method>lambda$main$0</method>
  <thread>1</thread>
  <message>Message Footscray,Melbourne,AU,2020-02-13T10:00:00.000Z,2020-02-13T21:00:00+11:00,no2,0.013,ppm,-37.80488,144.8728,"[{""name"":""EPA Victoria State Government of Victoria"",""url"":""https://www.epa.vic.gov.au/EPAAirWatch""}]" persisted with offset 73 and timestamp on 2020-02-21 18:32:56.034</message>
</record>
<record>
  <date>2020-02-21T18:32:56</date>
  <millis>1582302776057</millis>
  <sequence>75</sequence>
  <logger>utils.CSV_Parser</logger>
  <level>INFO</level>
  <class>utils.CSV_Parser</class>
  <method>lambda$main$0</method>
  <thread>1</thread>
  <message>Message Footscray,Melbourne,AU,2020-02-13T10:00:00.000Z,2020-02-13T21:00:00+11:00,pm25,6.7,µg/m³,-37.80488,144.8728,"[{""name"":""EPA Victoria State Government of Victoria"",""url"":""https://www.epa.vic.gov.au/EPAAirWatch""}]" persisted with offset 74 and timestamp on 2020-02-21 18:32:56.047</message>
</record>
<record>
  <date>2020-02-21T18:32:56</date>
  <millis>1582302776065</millis>
  <sequence>76</sequence>
  <logger>utils.CSV_Parser</logger>
  <level>INFO</level>
  <class>utils.CSV_Parser</class>
  <method>lambda$main$0</method>
  <thread>1</thread>
  <message>Message Macleod,Melbourne,AU,2020-02-13T10:00:00.000Z,2020-02-13T21:00:00+11:00,pm25,4.5,µg/m³,-37.722477,145.0576,"[{""name"":""EPA Victoria State Government of Victoria"",""url"":""https://www.epa.vic.gov.au/EPAAirWatch""}]" persisted with offset 75 and timestamp on 2020-02-21 18:32:56.058</message>
</record>
<record>
  <date>2020-02-21T18:32:56</date>
  <millis>1582302776078</millis>
  <sequence>77</sequence>
  <logger>utils.CSV_Parser</logger>
  <level>INFO</level>
  <class>utils.CSV_Parser</class>
  <method>lambda$main$0</method>
  <thread>1</thread>
  <message>Message Melbourne CBD,Melbourne,AU,2020-02-13T10:00:00.000Z,2020-02-13T21:00:00+11:00,pm25,0.19,µg/m³,-37.8073959,144.97,"[{""name"":""EPA Victoria State Government of Victoria"",""url"":""https://www.epa.vic.gov.au/EPAAirWatch""}]" persisted with offset 76 and timestamp on 2020-02-21 18:32:56.066</message>
</record>
<record>
  <date>2020-02-21T18:32:56</date>
  <millis>1582302776084</millis>
  <sequence>78</sequence>
  <logger>utils.CSV_Parser</logger>
  <level>INFO</level>
  <class>utils.CSV_Parser</class>
  <method>lambda$main$0</method>
  <thread>1</thread>
  <message>Message Dallas,Melbourne,AU,2020-02-13T10:00:00.000Z,2020-02-13T21:00:00+11:00,pm10,8.3,µg/m³,-37.66945,144.9444,"[{""name"":""EPA Victoria State Government of Victoria"",""url"":""https://www.epa.vic.gov.au/EPAAirWatch""}]" persisted with offset 77 and timestamp on 2020-02-21 18:32:56.078</message>
</record>
<record>
  <date>2020-02-21T18:32:56</date>
  <millis>1582302776096</millis>
  <sequence>79</sequence>
  <logger>utils.CSV_Parser</logger>
  <level>INFO</level>
  <class>utils.CSV_Parser</class>
  <method>lambda$main$0</method>
  <thread>1</thread>
  <message>Message Dallas,Melbourne,AU,2020-02-13T10:00:00.000Z,2020-02-13T21:00:00+11:00,pm25,2.4,µg/m³,-37.66945,144.9444,"[{""name"":""EPA Victoria State Government of Victoria"",""url"":""https://www.epa.vic.gov.au/EPAAirWatch""}]" persisted with offset 78 and timestamp on 2020-02-21 18:32:56.085</message>
</record>
<record>
  <date>2020-02-21T18:32:56</date>
  <millis>1582302776105</millis>
  <sequence>80</sequence>
  <logger>utils.CSV_Parser</logger>
  <level>INFO</level>
  <class>utils.CSV_Parser</class>
  <method>lambda$main$0</method>
  <thread>1</thread>
  <message>Message Dallas,Melbourne,AU,2020-02-13T09:00:00.000Z,2020-02-13T20:00:00+11:00,pm10,8.6,µg/m³,-37.66945,144.9444,"[{""name"":""EPA Victoria State Government of Victoria"",""url"":""https://www.epa.vic.gov.au/EPAAirWatch""}]" persisted with offset 79 and timestamp on 2020-02-21 18:32:56.096</message>
</record>
<record>
  <date>2020-02-21T18:32:56</date>
  <millis>1582302776118</millis>
  <sequence>81</sequence>
  <logger>utils.CSV_Parser</logger>
  <level>INFO</level>
  <class>utils.CSV_Parser</class>
  <method>lambda$main$0</method>
  <thread>1</thread>
  <message>Message Brighton,Melbourne,AU,2020-02-13T09:00:00.000Z,2020-02-13T20:00:00+11:00,pm25,2.7,µg/m³,-37.9135475,144.998,"[{""name"":""EPA Victoria State Government of Victoria"",""url"":""https://www.epa.vic.gov.au/EPAAirWatch""}]" persisted with offset 80 and timestamp on 2020-02-21 18:32:56.106</message>
</record>
<record>
  <date>2020-02-21T18:32:56</date>
  <millis>1582302776135</millis>
  <sequence>82</sequence>
  <logger>utils.CSV_Parser</logger>
  <level>INFO</level>
  <class>utils.CSV_Parser</class>
  <method>lambda$main$0</method>
  <thread>1</thread>
  <message>Message Box Hill,Melbourne,AU,2020-02-13T09:00:00.000Z,2020-02-13T20:00:00+11:00,pm25,3.2,µg/m³,-37.8287277,145.1324,"[{""name"":""EPA Victoria State Government of Victoria"",""url"":""https://www.epa.vic.gov.au/EPAAirWatch""}]" persisted with offset 81 and timestamp on 2020-02-21 18:32:56.118</message>
</record>
</log>
