2020-02-15 23:56:26,489 [main] INFO  (TypeExtractor.java:1818) - class org.apache.flink.streaming.api.functions.source.TimestampedFileInputSplit does not contain a setter for field modificationTime
2020-02-15 23:56:26,495 [main] INFO  (TypeExtractor.java:1857) - Class class org.apache.flink.streaming.api.functions.source.TimestampedFileInputSplit cannot be used as a POJO type because not all fields are valid POJO fields, and must be processed as GenericType. Please read the Flink documentation on "Data Types & Serialization" for details of the effect on performance.
2020-02-15 23:56:27,220 [main] INFO  (LocalStreamEnvironment.java:108) - Running job on local embedded Flink mini cluster
2020-02-15 23:56:28,279 [main] INFO  (MiniCluster.java:253) - Starting Flink Mini Cluster
2020-02-15 23:56:28,283 [main] INFO  (MiniCluster.java:262) - Starting Metrics Registry
2020-02-15 23:56:28,416 [main] INFO  (MetricRegistryImpl.java:114) - No metrics reporter configured, no metrics will be exposed/reported.
2020-02-15 23:56:28,416 [main] INFO  (MiniCluster.java:266) - Starting RPC Service(s)
2020-02-15 23:56:29,225 [flink-akka.actor.default-dispatcher-3] INFO  (Slf4jLogger.scala:92) - Slf4jLogger started
2020-02-15 23:56:29,513 [main] INFO  (BootstrapTools.java:244) - Trying to start actor system at :0
2020-02-15 23:56:29,599 [flink-metrics-2] INFO  (Slf4jLogger.scala:92) - Slf4jLogger started
2020-02-15 23:56:29,640 [flink-metrics-2] INFO  (MarkerIgnoringBase.java:107) - Starting remoting
2020-02-15 23:56:29,967 [flink-metrics-2] INFO  (MarkerIgnoringBase.java:107) - Remoting started; listening on addresses :[akka.tcp://flink-metrics@127.0.1.1:39997]
2020-02-15 23:56:30,019 [main] INFO  (BootstrapTools.java:256) - Actor system started at akka.tcp://flink-metrics@127.0.1.1:39997
2020-02-15 23:56:30,036 [main] INFO  (AkkaRpcService.java:223) - Starting RPC endpoint for org.apache.flink.runtime.metrics.dump.MetricQueryService at akka://flink-metrics/user/MetricQueryService .
2020-02-15 23:56:30,058 [main] INFO  (MiniCluster.java:397) - Starting high-availability services
2020-02-15 23:56:30,081 [main] INFO  (BlobServer.java:141) - Created BLOB server storage directory /tmp/blobStore-936f5bdb-7d64-4faa-889d-464bbbd3b957
2020-02-15 23:56:30,087 [main] INFO  (BlobServer.java:203) - Started BLOB server at 0.0.0.0:32863 - max concurrent requests: 50 - max backlog: 1000
2020-02-15 23:56:30,091 [main] INFO  (AbstractBlobCache.java:107) - Created BLOB cache storage directory /tmp/blobStore-ce6775f1-db97-4407-9599-07662ab7b217
2020-02-15 23:56:30,093 [main] INFO  (AbstractBlobCache.java:107) - Created BLOB cache storage directory /tmp/blobStore-85b374b0-b68e-4d21-b49a-b5709a77aa42
2020-02-15 23:56:30,096 [main] INFO  (MiniCluster.java:479) - Starting 1 TaskManger(s)
2020-02-15 23:56:30,100 [main] INFO  (TaskManagerRunner.java:351) - Starting TaskManager with ResourceID: faac2365-8e91-4f9f-b941-edb44eb4f957
2020-02-15 23:56:30,312 [main] INFO  (TaskManagerServices.java:519) - Temporary file directory '/tmp': total 439 GB, usable 336 GB (76.54% usable)
2020-02-15 23:56:30,316 [main] INFO  (FileChannelManagerImpl.java:76) - FileChannelManager uses directory /tmp/flink-io-066d9b45-1874-41cc-9447-723b8fbc2288 for spill files.
2020-02-15 23:56:30,329 [main] INFO  (FileChannelManagerImpl.java:76) - FileChannelManager uses directory /tmp/flink-netty-shuffle-db11542f-16b7-4d55-989e-15d6c826ef46 for spill files.
2020-02-15 23:56:30,625 [main] INFO  (NetworkBufferPool.java:140) - Allocated 191 MB for network buffer pool (number of memory segments: 6113, bytes per segment: 32768).
2020-02-15 23:56:30,632 [main] INFO  (NettyShuffleEnvironment.java:283) - Starting the network environment and its components.
2020-02-15 23:56:30,634 [main] INFO  (KvStateService.java:89) - Starting the kvState service and its components.
2020-02-15 23:56:30,635 [main] INFO  (TaskManagerServices.java:364) - Limiting managed memory to 0.7 of the currently free heap space (1195 MB), memory will be allocated lazily.
2020-02-15 23:56:30,649 [main] INFO  (TaskManagerConfiguration.java:197) - Messages have a max timeout of 10000 ms
2020-02-15 23:56:30,663 [main] INFO  (AkkaRpcService.java:223) - Starting RPC endpoint for org.apache.flink.runtime.taskexecutor.TaskExecutor at akka://flink/user/taskmanager_0 .
2020-02-15 23:56:30,676 [flink-akka.actor.default-dispatcher-2] INFO  (JobLeaderService.java:125) - Start job leader service.
2020-02-15 23:56:30,677 [flink-akka.actor.default-dispatcher-2] INFO  (FileCache.java:107) - User file cache uses directory /tmp/flink-dist-cache-e99d7a00-1c9f-4227-96a3-e1f5ffdce06b
2020-02-15 23:56:30,751 [main] INFO  (RestServerEndpoint.java:136) - Starting rest endpoint.
2020-02-15 23:56:31,288 [main] WARN  (WebMonitorUtils.java:87) - Log file environment variable 'log.file' is not set.
2020-02-15 23:56:31,290 [main] WARN  (WebMonitorUtils.java:93) - JobManager log files are unavailable in the web dashboard. Log file location not found in environment variable 'log.file' or configuration key 'Key: 'web.log.path' , default: null (fallback keys: [{key=jobmanager.web.log.path, isDeprecated=true}])'.
2020-02-15 23:56:31,319 [main] INFO  (DispatcherRestEndpoint.java:113) - Failed to load web based job submission extension. Probable reason: flink-runtime-web is not in the classpath.
2020-02-15 23:56:31,830 [main] INFO  (RestServerEndpoint.java:233) - Rest endpoint listening at localhost:39833
2020-02-15 23:56:31,842 [main] INFO  (EmbeddedLeaderService.java:300) - Proposing leadership to contender org.apache.flink.runtime.dispatcher.DispatcherRestEndpoint@26ae880a @ http://localhost:39833
2020-02-15 23:56:31,848 [mini-cluster-io-thread-1] INFO  (WebMonitorEndpoint.java:712) - http://localhost:39833 was granted leadership with leaderSessionID=40da3b50-05a1-4ea8-967a-78844a09caab
2020-02-15 23:56:31,849 [mini-cluster-io-thread-1] INFO  (EmbeddedLeaderService.java:250) - Received confirmation of leadership for leader http://localhost:39833 , session=40da3b50-05a1-4ea8-967a-78844a09caab
2020-02-15 23:56:31,887 [main] INFO  (AkkaRpcService.java:223) - Starting RPC endpoint for org.apache.flink.runtime.resourcemanager.StandaloneResourceManager at akka://flink/user/resourcemanager .
2020-02-15 23:56:31,917 [main] INFO  (AkkaRpcService.java:223) - Starting RPC endpoint for org.apache.flink.runtime.dispatcher.StandaloneDispatcher at akka://flink/user/dispatcher .
2020-02-15 23:56:31,941 [flink-akka.actor.default-dispatcher-2] INFO  (EmbeddedLeaderService.java:300) - Proposing leadership to contender org.apache.flink.runtime.resourcemanager.StandaloneResourceManager@79033067 @ akka://flink/user/resourcemanager
2020-02-15 23:56:31,951 [flink-akka.actor.default-dispatcher-3] INFO  (EmbeddedLeaderService.java:300) - Proposing leadership to contender org.apache.flink.runtime.dispatcher.StandaloneDispatcher@48740029 @ akka://flink/user/dispatcher
2020-02-15 23:56:31,957 [main] INFO  (MiniCluster.java:362) - Flink Mini Cluster started successfully
2020-02-15 23:56:31,962 [flink-akka.actor.default-dispatcher-3] INFO  (Dispatcher.java:884) - Dispatcher akka://flink/user/dispatcher was granted leadership with fencing token 5650eac3-e224-48d7-ba88-3d3312b30340
2020-02-15 23:56:31,962 [flink-akka.actor.default-dispatcher-2] INFO  (ResourceManager.java:925) - ResourceManager akka://flink/user/resourcemanager was granted leadership with fencing token 98b1ea90f2229689f7e7dba8d3b5485c
2020-02-15 23:56:31,989 [flink-akka.actor.default-dispatcher-4] INFO  (Dispatcher.java:716) - Recovering all persisted jobs.
2020-02-15 23:56:31,999 [flink-akka.actor.default-dispatcher-2] INFO  (SlotManagerImpl.java:219) - Starting the SlotManager.
2020-02-15 23:56:32,002 [flink-akka.actor.default-dispatcher-3] INFO  (EmbeddedLeaderService.java:250) - Received confirmation of leadership for leader akka://flink/user/dispatcher , session=5650eac3-e224-48d7-ba88-3d3312b30340
2020-02-15 23:56:32,011 [flink-akka.actor.default-dispatcher-5] INFO  (EmbeddedLeaderService.java:250) - Received confirmation of leadership for leader akka://flink/user/resourcemanager , session=f7e7dba8-d3b5-485c-98b1-ea90f2229689
2020-02-15 23:56:32,081 [flink-akka.actor.default-dispatcher-4] INFO  (TaskExecutor.java:991) - Connecting to ResourceManager akka://flink/user/resourcemanager(98b1ea90f2229689f7e7dba8d3b5485c).
2020-02-15 23:56:32,086 [flink-akka.actor.default-dispatcher-5] INFO  (RetryingRegistration.java:155) - Resolved ResourceManager address, beginning registration
2020-02-15 23:56:32,087 [flink-akka.actor.default-dispatcher-5] INFO  (RetryingRegistration.java:204) - Registration at ResourceManager attempt 1 (timeout=100ms)
2020-02-15 23:56:32,097 [flink-akka.actor.default-dispatcher-4] INFO  (ResourceManager.java:717) - Registering TaskManager with ResourceID faac2365-8e91-4f9f-b941-edb44eb4f957 (akka://flink/user/taskmanager_0) at ResourceManager
2020-02-15 23:56:32,104 [flink-akka.actor.default-dispatcher-2] INFO  (TaskExecutorToResourceManagerConnection.java:100) - Successful registration at resource manager akka://flink/user/resourcemanager under registration id 6a5bd3f6d626d1dc6c623e00192db9f7.
2020-02-15 23:56:32,106 [flink-akka.actor.default-dispatcher-5] INFO  (Dispatcher.java:264) - Received JobGraph submission d9c4c1fd121429d1c0efea8be1404c02 (Streaming for Random Sampling).
2020-02-15 23:56:32,107 [flink-akka.actor.default-dispatcher-5] INFO  (Dispatcher.java:321) - Submitting job d9c4c1fd121429d1c0efea8be1404c02 (Streaming for Random Sampling).
2020-02-15 23:56:32,136 [flink-akka.actor.default-dispatcher-4] INFO  (AkkaRpcService.java:223) - Starting RPC endpoint for org.apache.flink.runtime.jobmaster.JobMaster at akka://flink/user/jobmanager_1 .
2020-02-15 23:56:32,149 [flink-akka.actor.default-dispatcher-4] INFO  (JobMaster.java:242) - Initializing job Streaming for Random Sampling (d9c4c1fd121429d1c0efea8be1404c02).
2020-02-15 23:56:32,277 [flink-akka.actor.default-dispatcher-4] INFO  (LegacyScheduler.java:171) - Using restart strategy NoRestartStrategy for Streaming for Random Sampling (d9c4c1fd121429d1c0efea8be1404c02).
2020-02-15 23:56:32,301 [flink-akka.actor.default-dispatcher-4] INFO  (ExecutionGraph.java:519) - Job recovers via failover strategy: full graph restart
2020-02-15 23:56:32,322 [flink-akka.actor.default-dispatcher-4] INFO  (ExecutionGraphBuilder.java:204) - Running initialization on master for job Streaming for Random Sampling (d9c4c1fd121429d1c0efea8be1404c02).
2020-02-15 23:56:32,322 [flink-akka.actor.default-dispatcher-4] INFO  (ExecutionGraphBuilder.java:222) - Successfully ran initialization on master in 0 ms.
2020-02-15 23:56:32,364 [flink-akka.actor.default-dispatcher-4] INFO  (StateBackendLoader.java:227) - No state backend has been configured, using default (Memory / JobManager) MemoryStateBackend (data in heap memory / checkpoints to JobManager) (checkpoints: 'null', savepoints: 'null', asynchronous: TRUE, maxStateSize: 5242880)
2020-02-15 23:56:32,373 [flink-akka.actor.default-dispatcher-4] INFO  (EmbeddedLeaderService.java:300) - Proposing leadership to contender org.apache.flink.runtime.jobmaster.JobManagerRunner@3d78f7fa @ akka://flink/user/jobmanager_1
2020-02-15 23:56:32,374 [mini-cluster-io-thread-3] INFO  (JobManagerRunner.java:313) - JobManager runner for job Streaming for Random Sampling (d9c4c1fd121429d1c0efea8be1404c02) was granted leadership with session id 2d0165c2-b0ce-4f1b-8058-4c0e5c3c1379 at akka://flink/user/jobmanager_1.
2020-02-15 23:56:32,378 [flink-akka.actor.default-dispatcher-5] INFO  (JobMaster.java:712) - Starting execution of job Streaming for Random Sampling (d9c4c1fd121429d1c0efea8be1404c02) under job master id 80584c0e5c3c13792d0165c2b0ce4f1b.
2020-02-15 23:56:32,384 [flink-akka.actor.default-dispatcher-5] INFO  (ExecutionGraph.java:1325) - Job Streaming for Random Sampling (d9c4c1fd121429d1c0efea8be1404c02) switched from state CREATED to RUNNING.
2020-02-15 23:56:32,388 [flink-akka.actor.default-dispatcher-5] INFO  (Execution.java:1509) - Source: Custom File Source (1/1) (7ba2a1b66e9ae1a130939b511068dadc) switched from CREATED to SCHEDULED.
2020-02-15 23:56:32,401 [flink-akka.actor.default-dispatcher-5] INFO  (SlotPoolImpl.java:369) - Cannot serve slot request, no ResourceManager connected. Adding as pending request [SlotRequestId{ada1696f14849529b6267ace5c2c9706}]
2020-02-15 23:56:32,407 [flink-akka.actor.default-dispatcher-5] INFO  (Execution.java:1509) - Split Reader: Custom File Source -> Flat Map (1/4) (37eb5c5b4313dff513443dd793d328d1) switched from CREATED to SCHEDULED.
2020-02-15 23:56:32,409 [flink-akka.actor.default-dispatcher-5] INFO  (Execution.java:1509) - Split Reader: Custom File Source -> Flat Map (2/4) (c02927bf574757b1cf150c1fb2faa9af) switched from CREATED to SCHEDULED.
2020-02-15 23:56:32,409 [flink-akka.actor.default-dispatcher-5] INFO  (Execution.java:1509) - Split Reader: Custom File Source -> Flat Map (3/4) (f9d3ba989a4b752f84ff2e24c4bf2881) switched from CREATED to SCHEDULED.
2020-02-15 23:56:32,409 [flink-akka.actor.default-dispatcher-5] INFO  (Execution.java:1509) - Split Reader: Custom File Source -> Flat Map (4/4) (e7e56e1744b9c8310668f573fe461c52) switched from CREATED to SCHEDULED.
2020-02-15 23:56:32,409 [flink-akka.actor.default-dispatcher-5] INFO  (Execution.java:1509) - Keyed Aggregation -> Sink: Print to Std. Out (1/4) (b2150b1dedad55410d955a4ee598fd27) switched from CREATED to SCHEDULED.
2020-02-15 23:56:32,409 [flink-akka.actor.default-dispatcher-5] INFO  (Execution.java:1509) - Keyed Aggregation -> Sink: Print to Std. Out (2/4) (04d998581d4acc5b9e01fbadda1aa4b4) switched from CREATED to SCHEDULED.
2020-02-15 23:56:32,409 [flink-akka.actor.default-dispatcher-5] INFO  (Execution.java:1509) - Keyed Aggregation -> Sink: Print to Std. Out (3/4) (466e938908f00a56e2c28ea8972879cd) switched from CREATED to SCHEDULED.
2020-02-15 23:56:32,410 [flink-akka.actor.default-dispatcher-5] INFO  (Execution.java:1509) - Keyed Aggregation -> Sink: Print to Std. Out (4/4) (6b2bb6f3252a01b4939491093fa0963d) switched from CREATED to SCHEDULED.
2020-02-15 23:56:32,413 [jobmanager-future-thread-1] INFO  (EmbeddedLeaderService.java:250) - Received confirmation of leadership for leader akka://flink/user/jobmanager_1 , session=2d0165c2-b0ce-4f1b-8058-4c0e5c3c1379
2020-02-15 23:56:32,414 [flink-akka.actor.default-dispatcher-5] INFO  (JobMaster.java:936) - Connecting to ResourceManager akka://flink/user/resourcemanager(98b1ea90f2229689f7e7dba8d3b5485c)
2020-02-15 23:56:32,416 [flink-akka.actor.default-dispatcher-3] INFO  (RetryingRegistration.java:155) - Resolved ResourceManager address, beginning registration
2020-02-15 23:56:32,417 [flink-akka.actor.default-dispatcher-3] INFO  (RetryingRegistration.java:204) - Registration at ResourceManager attempt 1 (timeout=100ms)
2020-02-15 23:56:32,418 [flink-akka.actor.default-dispatcher-4] INFO  (ResourceManager.java:306) - Registering job manager 80584c0e5c3c13792d0165c2b0ce4f1b@akka://flink/user/jobmanager_1 for job d9c4c1fd121429d1c0efea8be1404c02.
2020-02-15 23:56:32,425 [flink-akka.actor.default-dispatcher-4] INFO  (ResourceManager.java:661) - Registered job manager 80584c0e5c3c13792d0165c2b0ce4f1b@akka://flink/user/jobmanager_1 for job d9c4c1fd121429d1c0efea8be1404c02.
2020-02-15 23:56:32,426 [flink-akka.actor.default-dispatcher-5] INFO  (JobMaster.java:958) - JobManager successfully registered at ResourceManager, leader id: 98b1ea90f2229689f7e7dba8d3b5485c.
2020-02-15 23:56:32,427 [flink-akka.actor.default-dispatcher-5] INFO  (SlotPoolImpl.java:319) - Requesting new slot [SlotRequestId{ada1696f14849529b6267ace5c2c9706}] and profile ResourceProfile{cpuCores=-1.0, heapMemoryInMB=-1, directMemoryInMB=-1, nativeMemoryInMB=-1, networkMemoryInMB=-1, managedMemoryInMB=-1} from resource manager.
2020-02-15 23:56:32,429 [flink-akka.actor.default-dispatcher-2] INFO  (ResourceManager.java:441) - Request slot with profile ResourceProfile{cpuCores=-1.0, heapMemoryInMB=-1, directMemoryInMB=-1, nativeMemoryInMB=-1, networkMemoryInMB=-1, managedMemoryInMB=-1} for job d9c4c1fd121429d1c0efea8be1404c02 with allocation id b43993730dbb73b413f35d726168a62e.
2020-02-15 23:56:32,433 [flink-akka.actor.default-dispatcher-5] INFO  (TaskExecutor.java:822) - Receive slot request b43993730dbb73b413f35d726168a62e for job d9c4c1fd121429d1c0efea8be1404c02 from resource manager with leader id 98b1ea90f2229689f7e7dba8d3b5485c.
2020-02-15 23:56:32,435 [flink-akka.actor.default-dispatcher-5] INFO  (TaskExecutor.java:834) - Allocated slot for b43993730dbb73b413f35d726168a62e.
2020-02-15 23:56:32,435 [flink-akka.actor.default-dispatcher-5] INFO  (JobLeaderService.java:193) - Add job d9c4c1fd121429d1c0efea8be1404c02 for job leader monitoring.
2020-02-15 23:56:32,438 [mini-cluster-io-thread-2] INFO  (JobLeaderService.java:333) - Try to register at job manager akka://flink/user/jobmanager_1 with leader id 2d0165c2-b0ce-4f1b-8058-4c0e5c3c1379.
2020-02-15 23:56:32,439 [flink-akka.actor.default-dispatcher-3] INFO  (RetryingRegistration.java:155) - Resolved JobManager address, beginning registration
2020-02-15 23:56:32,439 [flink-akka.actor.default-dispatcher-3] INFO  (RetryingRegistration.java:204) - Registration at JobManager attempt 1 (timeout=100ms)
2020-02-15 23:56:32,446 [flink-akka.actor.default-dispatcher-4] INFO  (JobLeaderService.java:382) - Successful registration at job manager akka://flink/user/jobmanager_1 for job d9c4c1fd121429d1c0efea8be1404c02.
2020-02-15 23:56:32,446 [flink-akka.actor.default-dispatcher-3] INFO  (TaskExecutor.java:1227) - Establish JobManager connection for job d9c4c1fd121429d1c0efea8be1404c02.
2020-02-15 23:56:32,450 [flink-akka.actor.default-dispatcher-3] INFO  (TaskExecutor.java:1128) - Offer reserved slots to the leader of job d9c4c1fd121429d1c0efea8be1404c02.
2020-02-15 23:56:32,459 [flink-akka.actor.default-dispatcher-4] INFO  (SlotPoolImpl.java:319) - Requesting new slot [SlotRequestId{0f43d1389ff4547b03b2a4da20599040}] and profile ResourceProfile{cpuCores=-1.0, heapMemoryInMB=-1, directMemoryInMB=-1, nativeMemoryInMB=-1, networkMemoryInMB=-1, managedMemoryInMB=-1} from resource manager.
2020-02-15 23:56:32,460 [flink-akka.actor.default-dispatcher-3] INFO  (ResourceManager.java:441) - Request slot with profile ResourceProfile{cpuCores=-1.0, heapMemoryInMB=-1, directMemoryInMB=-1, nativeMemoryInMB=-1, networkMemoryInMB=-1, managedMemoryInMB=-1} for job d9c4c1fd121429d1c0efea8be1404c02 with allocation id 2c67294236f7bb065de926d31d7b6ad0.
2020-02-15 23:56:32,460 [flink-akka.actor.default-dispatcher-4] INFO  (SlotPoolImpl.java:319) - Requesting new slot [SlotRequestId{c5b67d725cab4feaff206c6d81add4f7}] and profile ResourceProfile{cpuCores=-1.0, heapMemoryInMB=-1, directMemoryInMB=-1, nativeMemoryInMB=-1, networkMemoryInMB=-1, managedMemoryInMB=-1} from resource manager.
2020-02-15 23:56:32,460 [flink-akka.actor.default-dispatcher-2] INFO  (TaskExecutor.java:822) - Receive slot request 2c67294236f7bb065de926d31d7b6ad0 for job d9c4c1fd121429d1c0efea8be1404c02 from resource manager with leader id 98b1ea90f2229689f7e7dba8d3b5485c.
2020-02-15 23:56:32,460 [flink-akka.actor.default-dispatcher-2] INFO  (TaskExecutor.java:834) - Allocated slot for 2c67294236f7bb065de926d31d7b6ad0.
2020-02-15 23:56:32,460 [flink-akka.actor.default-dispatcher-3] INFO  (ResourceManager.java:441) - Request slot with profile ResourceProfile{cpuCores=-1.0, heapMemoryInMB=-1, directMemoryInMB=-1, nativeMemoryInMB=-1, networkMemoryInMB=-1, managedMemoryInMB=-1} for job d9c4c1fd121429d1c0efea8be1404c02 with allocation id 68ab918ee57ee5516f38aa41ba9a1e23.
2020-02-15 23:56:32,461 [flink-akka.actor.default-dispatcher-4] INFO  (SlotPoolImpl.java:319) - Requesting new slot [SlotRequestId{bb8040793e62f990b6be8be238e858c6}] and profile ResourceProfile{cpuCores=-1.0, heapMemoryInMB=-1, directMemoryInMB=-1, nativeMemoryInMB=-1, networkMemoryInMB=-1, managedMemoryInMB=-1} from resource manager.
2020-02-15 23:56:32,461 [flink-akka.actor.default-dispatcher-2] INFO  (TaskExecutor.java:1128) - Offer reserved slots to the leader of job d9c4c1fd121429d1c0efea8be1404c02.
2020-02-15 23:56:32,462 [flink-akka.actor.default-dispatcher-2] INFO  (TaskExecutor.java:822) - Receive slot request 68ab918ee57ee5516f38aa41ba9a1e23 for job d9c4c1fd121429d1c0efea8be1404c02 from resource manager with leader id 98b1ea90f2229689f7e7dba8d3b5485c.
2020-02-15 23:56:32,462 [flink-akka.actor.default-dispatcher-2] INFO  (TaskExecutor.java:834) - Allocated slot for 68ab918ee57ee5516f38aa41ba9a1e23.
2020-02-15 23:56:32,462 [flink-akka.actor.default-dispatcher-2] INFO  (TaskExecutor.java:1128) - Offer reserved slots to the leader of job d9c4c1fd121429d1c0efea8be1404c02.
2020-02-15 23:56:32,463 [flink-akka.actor.default-dispatcher-5] INFO  (ResourceManager.java:441) - Request slot with profile ResourceProfile{cpuCores=-1.0, heapMemoryInMB=-1, directMemoryInMB=-1, nativeMemoryInMB=-1, networkMemoryInMB=-1, managedMemoryInMB=-1} for job d9c4c1fd121429d1c0efea8be1404c02 with allocation id 38ecb17fcde4ba8f7e76dd91a905ffc6.
2020-02-15 23:56:32,464 [flink-akka.actor.default-dispatcher-3] INFO  (TaskExecutor.java:822) - Receive slot request 38ecb17fcde4ba8f7e76dd91a905ffc6 for job d9c4c1fd121429d1c0efea8be1404c02 from resource manager with leader id 98b1ea90f2229689f7e7dba8d3b5485c.
2020-02-15 23:56:32,464 [flink-akka.actor.default-dispatcher-3] INFO  (TaskExecutor.java:834) - Allocated slot for 38ecb17fcde4ba8f7e76dd91a905ffc6.
2020-02-15 23:56:32,464 [flink-akka.actor.default-dispatcher-3] INFO  (TaskExecutor.java:1128) - Offer reserved slots to the leader of job d9c4c1fd121429d1c0efea8be1404c02.
2020-02-15 23:56:32,465 [flink-akka.actor.default-dispatcher-4] INFO  (SlotPoolImpl.java:629) - Received repeated offer for slot [b43993730dbb73b413f35d726168a62e]. Ignoring.
2020-02-15 23:56:32,465 [flink-akka.actor.default-dispatcher-4] INFO  (SlotPoolImpl.java:629) - Received repeated offer for slot [2c67294236f7bb065de926d31d7b6ad0]. Ignoring.
2020-02-15 23:56:32,465 [flink-akka.actor.default-dispatcher-3] INFO  (TaskSlotTable.java:242) - Activate slot b43993730dbb73b413f35d726168a62e.
2020-02-15 23:56:32,465 [flink-akka.actor.default-dispatcher-4] INFO  (SlotPoolImpl.java:629) - Received repeated offer for slot [b43993730dbb73b413f35d726168a62e]. Ignoring.
2020-02-15 23:56:32,465 [flink-akka.actor.default-dispatcher-3] INFO  (TaskSlotTable.java:242) - Activate slot 2c67294236f7bb065de926d31d7b6ad0.
2020-02-15 23:56:32,466 [flink-akka.actor.default-dispatcher-3] INFO  (TaskSlotTable.java:242) - Activate slot b43993730dbb73b413f35d726168a62e.
2020-02-15 23:56:32,466 [flink-akka.actor.default-dispatcher-2] INFO  (TaskSlotTable.java:242) - Activate slot 2c67294236f7bb065de926d31d7b6ad0.
2020-02-15 23:56:32,466 [flink-akka.actor.default-dispatcher-2] INFO  (TaskSlotTable.java:242) - Activate slot b43993730dbb73b413f35d726168a62e.
2020-02-15 23:56:32,467 [flink-akka.actor.default-dispatcher-2] INFO  (TaskSlotTable.java:242) - Activate slot 68ab918ee57ee5516f38aa41ba9a1e23.
2020-02-15 23:56:32,467 [flink-akka.actor.default-dispatcher-4] INFO  (SlotPoolImpl.java:629) - Received repeated offer for slot [b43993730dbb73b413f35d726168a62e]. Ignoring.
2020-02-15 23:56:32,467 [flink-akka.actor.default-dispatcher-4] INFO  (SlotPoolImpl.java:629) - Received repeated offer for slot [68ab918ee57ee5516f38aa41ba9a1e23]. Ignoring.
2020-02-15 23:56:32,468 [flink-akka.actor.default-dispatcher-4] INFO  (Execution.java:1509) - Source: Custom File Source (1/1) (7ba2a1b66e9ae1a130939b511068dadc) switched from SCHEDULED to DEPLOYING.
2020-02-15 23:56:32,468 [flink-akka.actor.default-dispatcher-4] INFO  (Execution.java:713) - Deploying Source: Custom File Source (1/1) (attempt #0) to faac2365-8e91-4f9f-b941-edb44eb4f957 @ localhost (dataPort=-1)
2020-02-15 23:56:32,472 [flink-akka.actor.default-dispatcher-4] INFO  (Execution.java:1509) - Split Reader: Custom File Source -> Flat Map (1/4) (37eb5c5b4313dff513443dd793d328d1) switched from SCHEDULED to DEPLOYING.
2020-02-15 23:56:32,472 [flink-akka.actor.default-dispatcher-4] INFO  (Execution.java:713) - Deploying Split Reader: Custom File Source -> Flat Map (1/4) (attempt #0) to faac2365-8e91-4f9f-b941-edb44eb4f957 @ localhost (dataPort=-1)
2020-02-15 23:56:32,473 [flink-akka.actor.default-dispatcher-4] INFO  (Execution.java:1509) - Split Reader: Custom File Source -> Flat Map (2/4) (c02927bf574757b1cf150c1fb2faa9af) switched from SCHEDULED to DEPLOYING.
2020-02-15 23:56:32,474 [flink-akka.actor.default-dispatcher-4] INFO  (Execution.java:713) - Deploying Split Reader: Custom File Source -> Flat Map (2/4) (attempt #0) to faac2365-8e91-4f9f-b941-edb44eb4f957 @ localhost (dataPort=-1)
2020-02-15 23:56:32,474 [flink-akka.actor.default-dispatcher-4] INFO  (Execution.java:1509) - Split Reader: Custom File Source -> Flat Map (3/4) (f9d3ba989a4b752f84ff2e24c4bf2881) switched from SCHEDULED to DEPLOYING.
2020-02-15 23:56:32,475 [flink-akka.actor.default-dispatcher-4] INFO  (Execution.java:713) - Deploying Split Reader: Custom File Source -> Flat Map (3/4) (attempt #0) to faac2365-8e91-4f9f-b941-edb44eb4f957 @ localhost (dataPort=-1)
2020-02-15 23:56:32,475 [flink-akka.actor.default-dispatcher-4] INFO  (Execution.java:1509) - Split Reader: Custom File Source -> Flat Map (4/4) (e7e56e1744b9c8310668f573fe461c52) switched from SCHEDULED to DEPLOYING.
2020-02-15 23:56:32,475 [flink-akka.actor.default-dispatcher-4] INFO  (Execution.java:713) - Deploying Split Reader: Custom File Source -> Flat Map (4/4) (attempt #0) to faac2365-8e91-4f9f-b941-edb44eb4f957 @ localhost (dataPort=-1)
2020-02-15 23:56:32,476 [flink-akka.actor.default-dispatcher-4] INFO  (Execution.java:1509) - Keyed Aggregation -> Sink: Print to Std. Out (1/4) (b2150b1dedad55410d955a4ee598fd27) switched from SCHEDULED to DEPLOYING.
2020-02-15 23:56:32,476 [flink-akka.actor.default-dispatcher-4] INFO  (Execution.java:713) - Deploying Keyed Aggregation -> Sink: Print to Std. Out (1/4) (attempt #0) to faac2365-8e91-4f9f-b941-edb44eb4f957 @ localhost (dataPort=-1)
2020-02-15 23:56:32,477 [flink-akka.actor.default-dispatcher-4] INFO  (Execution.java:1509) - Keyed Aggregation -> Sink: Print to Std. Out (2/4) (04d998581d4acc5b9e01fbadda1aa4b4) switched from SCHEDULED to DEPLOYING.
2020-02-15 23:56:32,477 [flink-akka.actor.default-dispatcher-4] INFO  (Execution.java:713) - Deploying Keyed Aggregation -> Sink: Print to Std. Out (2/4) (attempt #0) to faac2365-8e91-4f9f-b941-edb44eb4f957 @ localhost (dataPort=-1)
2020-02-15 23:56:32,477 [flink-akka.actor.default-dispatcher-4] INFO  (Execution.java:1509) - Keyed Aggregation -> Sink: Print to Std. Out (3/4) (466e938908f00a56e2c28ea8972879cd) switched from SCHEDULED to DEPLOYING.
2020-02-15 23:56:32,477 [flink-akka.actor.default-dispatcher-4] INFO  (Execution.java:713) - Deploying Keyed Aggregation -> Sink: Print to Std. Out (3/4) (attempt #0) to faac2365-8e91-4f9f-b941-edb44eb4f957 @ localhost (dataPort=-1)
2020-02-15 23:56:32,478 [flink-akka.actor.default-dispatcher-4] INFO  (Execution.java:1509) - Keyed Aggregation -> Sink: Print to Std. Out (4/4) (6b2bb6f3252a01b4939491093fa0963d) switched from SCHEDULED to DEPLOYING.
2020-02-15 23:56:32,478 [flink-akka.actor.default-dispatcher-4] INFO  (Execution.java:713) - Deploying Keyed Aggregation -> Sink: Print to Std. Out (4/4) (attempt #0) to faac2365-8e91-4f9f-b941-edb44eb4f957 @ localhost (dataPort=-1)
2020-02-15 23:56:32,479 [flink-akka.actor.default-dispatcher-4] INFO  (SlotPoolImpl.java:629) - Received repeated offer for slot [2c67294236f7bb065de926d31d7b6ad0]. Ignoring.
2020-02-15 23:56:32,509 [flink-akka.actor.default-dispatcher-2] INFO  (TaskExecutor.java:592) - Received task Source: Custom File Source (1/1).
2020-02-15 23:56:32,510 [Source: Custom File Source (1/1)] INFO  (Task.java:958) - Source: Custom File Source (1/1) (7ba2a1b66e9ae1a130939b511068dadc) switched from CREATED to DEPLOYING.
2020-02-15 23:56:32,510 [Source: Custom File Source (1/1)] INFO  (Task.java:586) - Creating FileSystem stream leak safety net for task Source: Custom File Source (1/1) (7ba2a1b66e9ae1a130939b511068dadc) [DEPLOYING]
2020-02-15 23:56:32,527 [Source: Custom File Source (1/1)] INFO  (Task.java:593) - Loading JAR files for task Source: Custom File Source (1/1) (7ba2a1b66e9ae1a130939b511068dadc) [DEPLOYING].
2020-02-15 23:56:32,529 [Source: Custom File Source (1/1)] INFO  (Task.java:619) - Registering task at network: Source: Custom File Source (1/1) (7ba2a1b66e9ae1a130939b511068dadc) [DEPLOYING].
2020-02-15 23:56:32,539 [flink-akka.actor.default-dispatcher-2] INFO  (TaskExecutor.java:592) - Received task Split Reader: Custom File Source -> Flat Map (1/4).
2020-02-15 23:56:32,541 [Split Reader: Custom File Source -> Flat Map (1/4)] INFO  (Task.java:958) - Split Reader: Custom File Source -> Flat Map (1/4) (37eb5c5b4313dff513443dd793d328d1) switched from CREATED to DEPLOYING.
2020-02-15 23:56:32,542 [Split Reader: Custom File Source -> Flat Map (1/4)] INFO  (Task.java:586) - Creating FileSystem stream leak safety net for task Split Reader: Custom File Source -> Flat Map (1/4) (37eb5c5b4313dff513443dd793d328d1) [DEPLOYING]
2020-02-15 23:56:32,548 [Split Reader: Custom File Source -> Flat Map (1/4)] INFO  (Task.java:593) - Loading JAR files for task Split Reader: Custom File Source -> Flat Map (1/4) (37eb5c5b4313dff513443dd793d328d1) [DEPLOYING].
2020-02-15 23:56:32,551 [Split Reader: Custom File Source -> Flat Map (1/4)] INFO  (Task.java:619) - Registering task at network: Split Reader: Custom File Source -> Flat Map (1/4) (37eb5c5b4313dff513443dd793d328d1) [DEPLOYING].
2020-02-15 23:56:32,553 [flink-akka.actor.default-dispatcher-2] INFO  (TaskExecutor.java:592) - Received task Split Reader: Custom File Source -> Flat Map (3/4).
2020-02-15 23:56:32,553 [Split Reader: Custom File Source -> Flat Map (3/4)] INFO  (Task.java:958) - Split Reader: Custom File Source -> Flat Map (3/4) (f9d3ba989a4b752f84ff2e24c4bf2881) switched from CREATED to DEPLOYING.
2020-02-15 23:56:32,553 [Split Reader: Custom File Source -> Flat Map (3/4)] INFO  (Task.java:586) - Creating FileSystem stream leak safety net for task Split Reader: Custom File Source -> Flat Map (3/4) (f9d3ba989a4b752f84ff2e24c4bf2881) [DEPLOYING]
2020-02-15 23:56:32,553 [Split Reader: Custom File Source -> Flat Map (3/4)] INFO  (Task.java:593) - Loading JAR files for task Split Reader: Custom File Source -> Flat Map (3/4) (f9d3ba989a4b752f84ff2e24c4bf2881) [DEPLOYING].
2020-02-15 23:56:32,558 [Split Reader: Custom File Source -> Flat Map (3/4)] INFO  (Task.java:619) - Registering task at network: Split Reader: Custom File Source -> Flat Map (3/4) (f9d3ba989a4b752f84ff2e24c4bf2881) [DEPLOYING].
2020-02-15 23:56:32,560 [flink-akka.actor.default-dispatcher-2] INFO  (TaskExecutor.java:592) - Received task Split Reader: Custom File Source -> Flat Map (2/4).
2020-02-15 23:56:32,568 [Split Reader: Custom File Source -> Flat Map (2/4)] INFO  (Task.java:958) - Split Reader: Custom File Source -> Flat Map (2/4) (c02927bf574757b1cf150c1fb2faa9af) switched from CREATED to DEPLOYING.
2020-02-15 23:56:32,568 [Split Reader: Custom File Source -> Flat Map (2/4)] INFO  (Task.java:586) - Creating FileSystem stream leak safety net for task Split Reader: Custom File Source -> Flat Map (2/4) (c02927bf574757b1cf150c1fb2faa9af) [DEPLOYING]
2020-02-15 23:56:32,569 [Split Reader: Custom File Source -> Flat Map (2/4)] INFO  (Task.java:593) - Loading JAR files for task Split Reader: Custom File Source -> Flat Map (2/4) (c02927bf574757b1cf150c1fb2faa9af) [DEPLOYING].
2020-02-15 23:56:32,569 [Split Reader: Custom File Source -> Flat Map (2/4)] INFO  (Task.java:619) - Registering task at network: Split Reader: Custom File Source -> Flat Map (2/4) (c02927bf574757b1cf150c1fb2faa9af) [DEPLOYING].
2020-02-15 23:56:32,571 [flink-akka.actor.default-dispatcher-2] INFO  (TaskExecutor.java:592) - Received task Split Reader: Custom File Source -> Flat Map (4/4).
2020-02-15 23:56:32,574 [Split Reader: Custom File Source -> Flat Map (4/4)] INFO  (Task.java:958) - Split Reader: Custom File Source -> Flat Map (4/4) (e7e56e1744b9c8310668f573fe461c52) switched from CREATED to DEPLOYING.
2020-02-15 23:56:32,574 [Split Reader: Custom File Source -> Flat Map (4/4)] INFO  (Task.java:586) - Creating FileSystem stream leak safety net for task Split Reader: Custom File Source -> Flat Map (4/4) (e7e56e1744b9c8310668f573fe461c52) [DEPLOYING]
2020-02-15 23:56:32,575 [Split Reader: Custom File Source -> Flat Map (4/4)] INFO  (Task.java:593) - Loading JAR files for task Split Reader: Custom File Source -> Flat Map (4/4) (e7e56e1744b9c8310668f573fe461c52) [DEPLOYING].
2020-02-15 23:56:32,575 [Split Reader: Custom File Source -> Flat Map (4/4)] INFO  (Task.java:619) - Registering task at network: Split Reader: Custom File Source -> Flat Map (4/4) (e7e56e1744b9c8310668f573fe461c52) [DEPLOYING].
2020-02-15 23:56:32,576 [flink-akka.actor.default-dispatcher-2] INFO  (TaskExecutor.java:592) - Received task Keyed Aggregation -> Sink: Print to Std. Out (1/4).
2020-02-15 23:56:32,578 [Keyed Aggregation -> Sink: Print to Std. Out (1/4)] INFO  (Task.java:958) - Keyed Aggregation -> Sink: Print to Std. Out (1/4) (b2150b1dedad55410d955a4ee598fd27) switched from CREATED to DEPLOYING.
2020-02-15 23:56:32,579 [Keyed Aggregation -> Sink: Print to Std. Out (1/4)] INFO  (Task.java:586) - Creating FileSystem stream leak safety net for task Keyed Aggregation -> Sink: Print to Std. Out (1/4) (b2150b1dedad55410d955a4ee598fd27) [DEPLOYING]
2020-02-15 23:56:32,579 [Keyed Aggregation -> Sink: Print to Std. Out (1/4)] INFO  (Task.java:593) - Loading JAR files for task Keyed Aggregation -> Sink: Print to Std. Out (1/4) (b2150b1dedad55410d955a4ee598fd27) [DEPLOYING].
2020-02-15 23:56:32,582 [Keyed Aggregation -> Sink: Print to Std. Out (1/4)] INFO  (Task.java:619) - Registering task at network: Keyed Aggregation -> Sink: Print to Std. Out (1/4) (b2150b1dedad55410d955a4ee598fd27) [DEPLOYING].
2020-02-15 23:56:32,585 [flink-akka.actor.default-dispatcher-2] INFO  (TaskExecutor.java:592) - Received task Keyed Aggregation -> Sink: Print to Std. Out (2/4).
2020-02-15 23:56:32,587 [flink-akka.actor.default-dispatcher-2] INFO  (TaskSlotTable.java:242) - Activate slot b43993730dbb73b413f35d726168a62e.
2020-02-15 23:56:32,587 [flink-akka.actor.default-dispatcher-2] INFO  (TaskSlotTable.java:242) - Activate slot 68ab918ee57ee5516f38aa41ba9a1e23.
2020-02-15 23:56:32,587 [flink-akka.actor.default-dispatcher-2] INFO  (TaskSlotTable.java:242) - Activate slot 38ecb17fcde4ba8f7e76dd91a905ffc6.
2020-02-15 23:56:32,588 [flink-akka.actor.default-dispatcher-2] INFO  (TaskSlotTable.java:242) - Activate slot 2c67294236f7bb065de926d31d7b6ad0.
2020-02-15 23:56:32,590 [flink-akka.actor.default-dispatcher-2] INFO  (TaskExecutor.java:592) - Received task Keyed Aggregation -> Sink: Print to Std. Out (3/4).
2020-02-15 23:56:32,591 [Keyed Aggregation -> Sink: Print to Std. Out (2/4)] INFO  (Task.java:958) - Keyed Aggregation -> Sink: Print to Std. Out (2/4) (04d998581d4acc5b9e01fbadda1aa4b4) switched from CREATED to DEPLOYING.
2020-02-15 23:56:32,591 [Keyed Aggregation -> Sink: Print to Std. Out (2/4)] INFO  (Task.java:586) - Creating FileSystem stream leak safety net for task Keyed Aggregation -> Sink: Print to Std. Out (2/4) (04d998581d4acc5b9e01fbadda1aa4b4) [DEPLOYING]
2020-02-15 23:56:32,591 [Keyed Aggregation -> Sink: Print to Std. Out (2/4)] INFO  (Task.java:593) - Loading JAR files for task Keyed Aggregation -> Sink: Print to Std. Out (2/4) (04d998581d4acc5b9e01fbadda1aa4b4) [DEPLOYING].
2020-02-15 23:56:32,593 [Keyed Aggregation -> Sink: Print to Std. Out (2/4)] INFO  (Task.java:619) - Registering task at network: Keyed Aggregation -> Sink: Print to Std. Out (2/4) (04d998581d4acc5b9e01fbadda1aa4b4) [DEPLOYING].
2020-02-15 23:56:32,593 [Keyed Aggregation -> Sink: Print to Std. Out (3/4)] INFO  (Task.java:958) - Keyed Aggregation -> Sink: Print to Std. Out (3/4) (466e938908f00a56e2c28ea8972879cd) switched from CREATED to DEPLOYING.
2020-02-15 23:56:32,594 [Keyed Aggregation -> Sink: Print to Std. Out (3/4)] INFO  (Task.java:586) - Creating FileSystem stream leak safety net for task Keyed Aggregation -> Sink: Print to Std. Out (3/4) (466e938908f00a56e2c28ea8972879cd) [DEPLOYING]
2020-02-15 23:56:32,594 [Keyed Aggregation -> Sink: Print to Std. Out (3/4)] INFO  (Task.java:593) - Loading JAR files for task Keyed Aggregation -> Sink: Print to Std. Out (3/4) (466e938908f00a56e2c28ea8972879cd) [DEPLOYING].
2020-02-15 23:56:32,595 [Keyed Aggregation -> Sink: Print to Std. Out (3/4)] INFO  (Task.java:619) - Registering task at network: Keyed Aggregation -> Sink: Print to Std. Out (3/4) (466e938908f00a56e2c28ea8972879cd) [DEPLOYING].
2020-02-15 23:56:32,600 [flink-akka.actor.default-dispatcher-2] INFO  (TaskExecutor.java:592) - Received task Keyed Aggregation -> Sink: Print to Std. Out (4/4).
2020-02-15 23:56:32,601 [Keyed Aggregation -> Sink: Print to Std. Out (4/4)] INFO  (Task.java:958) - Keyed Aggregation -> Sink: Print to Std. Out (4/4) (6b2bb6f3252a01b4939491093fa0963d) switched from CREATED to DEPLOYING.
2020-02-15 23:56:32,601 [Keyed Aggregation -> Sink: Print to Std. Out (4/4)] INFO  (Task.java:586) - Creating FileSystem stream leak safety net for task Keyed Aggregation -> Sink: Print to Std. Out (4/4) (6b2bb6f3252a01b4939491093fa0963d) [DEPLOYING]
2020-02-15 23:56:32,601 [Keyed Aggregation -> Sink: Print to Std. Out (4/4)] INFO  (Task.java:593) - Loading JAR files for task Keyed Aggregation -> Sink: Print to Std. Out (4/4) (6b2bb6f3252a01b4939491093fa0963d) [DEPLOYING].
2020-02-15 23:56:32,602 [Keyed Aggregation -> Sink: Print to Std. Out (4/4)] INFO  (Task.java:619) - Registering task at network: Keyed Aggregation -> Sink: Print to Std. Out (4/4) (6b2bb6f3252a01b4939491093fa0963d) [DEPLOYING].
2020-02-15 23:56:32,604 [Split Reader: Custom File Source -> Flat Map (3/4)] INFO  (Task.java:958) - Split Reader: Custom File Source -> Flat Map (3/4) (f9d3ba989a4b752f84ff2e24c4bf2881) switched from DEPLOYING to RUNNING.
2020-02-15 23:56:32,608 [Keyed Aggregation -> Sink: Print to Std. Out (1/4)] INFO  (Task.java:958) - Keyed Aggregation -> Sink: Print to Std. Out (1/4) (b2150b1dedad55410d955a4ee598fd27) switched from DEPLOYING to RUNNING.
2020-02-15 23:56:32,608 [Split Reader: Custom File Source -> Flat Map (2/4)] INFO  (Task.java:958) - Split Reader: Custom File Source -> Flat Map (2/4) (c02927bf574757b1cf150c1fb2faa9af) switched from DEPLOYING to RUNNING.
2020-02-15 23:56:32,608 [Split Reader: Custom File Source -> Flat Map (1/4)] INFO  (Task.java:958) - Split Reader: Custom File Source -> Flat Map (1/4) (37eb5c5b4313dff513443dd793d328d1) switched from DEPLOYING to RUNNING.
2020-02-15 23:56:32,608 [Split Reader: Custom File Source -> Flat Map (4/4)] INFO  (Task.java:958) - Split Reader: Custom File Source -> Flat Map (4/4) (e7e56e1744b9c8310668f573fe461c52) switched from DEPLOYING to RUNNING.
2020-02-15 23:56:32,611 [Source: Custom File Source (1/1)] INFO  (Task.java:958) - Source: Custom File Source (1/1) (7ba2a1b66e9ae1a130939b511068dadc) switched from DEPLOYING to RUNNING.
2020-02-15 23:56:32,612 [Split Reader: Custom File Source -> Flat Map (3/4)] INFO  (StateBackendLoader.java:227) - No state backend has been configured, using default (Memory / JobManager) MemoryStateBackend (data in heap memory / checkpoints to JobManager) (checkpoints: 'null', savepoints: 'null', asynchronous: TRUE, maxStateSize: 5242880)
2020-02-15 23:56:32,612 [Keyed Aggregation -> Sink: Print to Std. Out (1/4)] INFO  (StateBackendLoader.java:227) - No state backend has been configured, using default (Memory / JobManager) MemoryStateBackend (data in heap memory / checkpoints to JobManager) (checkpoints: 'null', savepoints: 'null', asynchronous: TRUE, maxStateSize: 5242880)
2020-02-15 23:56:32,613 [Split Reader: Custom File Source -> Flat Map (2/4)] INFO  (StateBackendLoader.java:227) - No state backend has been configured, using default (Memory / JobManager) MemoryStateBackend (data in heap memory / checkpoints to JobManager) (checkpoints: 'null', savepoints: 'null', asynchronous: TRUE, maxStateSize: 5242880)
2020-02-15 23:56:32,613 [Split Reader: Custom File Source -> Flat Map (4/4)] INFO  (StateBackendLoader.java:227) - No state backend has been configured, using default (Memory / JobManager) MemoryStateBackend (data in heap memory / checkpoints to JobManager) (checkpoints: 'null', savepoints: 'null', asynchronous: TRUE, maxStateSize: 5242880)
2020-02-15 23:56:32,613 [Keyed Aggregation -> Sink: Print to Std. Out (2/4)] INFO  (Task.java:958) - Keyed Aggregation -> Sink: Print to Std. Out (2/4) (04d998581d4acc5b9e01fbadda1aa4b4) switched from DEPLOYING to RUNNING.
2020-02-15 23:56:32,613 [Source: Custom File Source (1/1)] INFO  (StateBackendLoader.java:227) - No state backend has been configured, using default (Memory / JobManager) MemoryStateBackend (data in heap memory / checkpoints to JobManager) (checkpoints: 'null', savepoints: 'null', asynchronous: TRUE, maxStateSize: 5242880)
2020-02-15 23:56:32,613 [Split Reader: Custom File Source -> Flat Map (1/4)] INFO  (StateBackendLoader.java:227) - No state backend has been configured, using default (Memory / JobManager) MemoryStateBackend (data in heap memory / checkpoints to JobManager) (checkpoints: 'null', savepoints: 'null', asynchronous: TRUE, maxStateSize: 5242880)
2020-02-15 23:56:32,614 [Keyed Aggregation -> Sink: Print to Std. Out (4/4)] INFO  (Task.java:958) - Keyed Aggregation -> Sink: Print to Std. Out (4/4) (6b2bb6f3252a01b4939491093fa0963d) switched from DEPLOYING to RUNNING.
2020-02-15 23:56:32,616 [Keyed Aggregation -> Sink: Print to Std. Out (4/4)] INFO  (StateBackendLoader.java:227) - No state backend has been configured, using default (Memory / JobManager) MemoryStateBackend (data in heap memory / checkpoints to JobManager) (checkpoints: 'null', savepoints: 'null', asynchronous: TRUE, maxStateSize: 5242880)
2020-02-15 23:56:32,616 [flink-akka.actor.default-dispatcher-2] INFO  (Execution.java:1509) - Split Reader: Custom File Source -> Flat Map (3/4) (f9d3ba989a4b752f84ff2e24c4bf2881) switched from DEPLOYING to RUNNING.
2020-02-15 23:56:32,616 [Keyed Aggregation -> Sink: Print to Std. Out (3/4)] INFO  (Task.java:958) - Keyed Aggregation -> Sink: Print to Std. Out (3/4) (466e938908f00a56e2c28ea8972879cd) switched from DEPLOYING to RUNNING.
2020-02-15 23:56:32,616 [flink-akka.actor.default-dispatcher-2] INFO  (Execution.java:1509) - Keyed Aggregation -> Sink: Print to Std. Out (1/4) (b2150b1dedad55410d955a4ee598fd27) switched from DEPLOYING to RUNNING.
2020-02-15 23:56:32,617 [Keyed Aggregation -> Sink: Print to Std. Out (3/4)] INFO  (StateBackendLoader.java:227) - No state backend has been configured, using default (Memory / JobManager) MemoryStateBackend (data in heap memory / checkpoints to JobManager) (checkpoints: 'null', savepoints: 'null', asynchronous: TRUE, maxStateSize: 5242880)
2020-02-15 23:56:32,617 [flink-akka.actor.default-dispatcher-2] INFO  (Execution.java:1509) - Split Reader: Custom File Source -> Flat Map (2/4) (c02927bf574757b1cf150c1fb2faa9af) switched from DEPLOYING to RUNNING.
2020-02-15 23:56:32,617 [flink-akka.actor.default-dispatcher-2] INFO  (Execution.java:1509) - Split Reader: Custom File Source -> Flat Map (1/4) (37eb5c5b4313dff513443dd793d328d1) switched from DEPLOYING to RUNNING.
2020-02-15 23:56:32,617 [flink-akka.actor.default-dispatcher-2] INFO  (Execution.java:1509) - Split Reader: Custom File Source -> Flat Map (4/4) (e7e56e1744b9c8310668f573fe461c52) switched from DEPLOYING to RUNNING.
2020-02-15 23:56:32,618 [flink-akka.actor.default-dispatcher-2] INFO  (Execution.java:1509) - Source: Custom File Source (1/1) (7ba2a1b66e9ae1a130939b511068dadc) switched from DEPLOYING to RUNNING.
2020-02-15 23:56:32,618 [flink-akka.actor.default-dispatcher-2] INFO  (Execution.java:1509) - Keyed Aggregation -> Sink: Print to Std. Out (4/4) (6b2bb6f3252a01b4939491093fa0963d) switched from DEPLOYING to RUNNING.
2020-02-15 23:56:32,618 [flink-akka.actor.default-dispatcher-2] INFO  (Execution.java:1509) - Keyed Aggregation -> Sink: Print to Std. Out (3/4) (466e938908f00a56e2c28ea8972879cd) switched from DEPLOYING to RUNNING.
2020-02-15 23:56:32,624 [flink-akka.actor.default-dispatcher-3] INFO  (Execution.java:1509) - Keyed Aggregation -> Sink: Print to Std. Out (2/4) (04d998581d4acc5b9e01fbadda1aa4b4) switched from DEPLOYING to RUNNING.
2020-02-15 23:56:32,625 [Keyed Aggregation -> Sink: Print to Std. Out (2/4)] INFO  (StateBackendLoader.java:227) - No state backend has been configured, using default (Memory / JobManager) MemoryStateBackend (data in heap memory / checkpoints to JobManager) (checkpoints: 'null', savepoints: 'null', asynchronous: TRUE, maxStateSize: 5242880)
2020-02-15 23:56:32,700 [Split Reader: Custom File Source -> Flat Map (3/4)] INFO  (ContinuousFileReaderOperator.java:115) - No state to restore for the ContinuousFileReaderOperator (taskIdx=2).
2020-02-15 23:56:32,701 [Source: Custom File Source (1/1)] INFO  (ContinuousFileMonitoringFunction.java:178) - No state to restore for the ContinuousFileMonitoringFunction.
2020-02-15 23:56:32,701 [Split Reader: Custom File Source -> Flat Map (4/4)] INFO  (ContinuousFileReaderOperator.java:115) - No state to restore for the ContinuousFileReaderOperator (taskIdx=3).
2020-02-15 23:56:32,703 [Split Reader: Custom File Source -> Flat Map (1/4)] INFO  (ContinuousFileReaderOperator.java:115) - No state to restore for the ContinuousFileReaderOperator (taskIdx=0).
2020-02-15 23:56:32,704 [Split Reader: Custom File Source -> Flat Map (2/4)] INFO  (ContinuousFileReaderOperator.java:115) - No state to restore for the ContinuousFileReaderOperator (taskIdx=1).
2020-02-15 23:56:32,713 [Legacy Source Thread - Source: Custom File Source (1/1)] INFO  (FileSystem.java:1071) - Hadoop is not in the classpath/dependencies. The extended set of supported File Systems via Hadoop is not available.
2020-02-15 23:56:32,723 [Keyed Aggregation -> Sink: Print to Std. Out (3/4)] INFO  (HeapKeyedStateBackend.java:140) - Initializing heap keyed state backend with stream factory.
2020-02-15 23:56:32,723 [Keyed Aggregation -> Sink: Print to Std. Out (1/4)] INFO  (HeapKeyedStateBackend.java:140) - Initializing heap keyed state backend with stream factory.
2020-02-15 23:56:32,723 [Keyed Aggregation -> Sink: Print to Std. Out (2/4)] INFO  (HeapKeyedStateBackend.java:140) - Initializing heap keyed state backend with stream factory.
2020-02-15 23:56:32,723 [Keyed Aggregation -> Sink: Print to Std. Out (4/4)] INFO  (HeapKeyedStateBackend.java:140) - Initializing heap keyed state backend with stream factory.
2020-02-15 23:56:32,726 [Legacy Source Thread - Source: Custom File Source (1/1)] INFO  (ContinuousFileMonitoringFunction.java:247) - Forwarding split: [0] file:/home/skalogerakis/Downloads/openaq.csv mod@ 1581777389000 : 0 + 4797
2020-02-15 23:56:33,111 [Legacy Source Thread - Source: Custom File Source (1/1)] INFO  (ContinuousFileMonitoringFunction.java:247) - Forwarding split: [1] file:/home/skalogerakis/Downloads/openaq.csv mod@ 1581777389000 : 4797 + 4797
2020-02-15 23:56:33,111 [Legacy Source Thread - Source: Custom File Source (1/1)] INFO  (ContinuousFileMonitoringFunction.java:247) - Forwarding split: [2] file:/home/skalogerakis/Downloads/openaq.csv mod@ 1581777389000 : 9594 + 4797
2020-02-15 23:56:33,111 [Legacy Source Thread - Source: Custom File Source (1/1)] INFO  (ContinuousFileMonitoringFunction.java:247) - Forwarding split: [3] file:/home/skalogerakis/Downloads/openaq.csv mod@ 1581777389000 : 14391 + 4796
2020-02-15 23:56:33,131 [Source: Custom File Source (1/1)] INFO  (Task.java:958) - Source: Custom File Source (1/1) (7ba2a1b66e9ae1a130939b511068dadc) switched from RUNNING to FINISHED.
2020-02-15 23:56:33,131 [Source: Custom File Source (1/1)] INFO  (Task.java:804) - Freeing task resources for Source: Custom File Source (1/1) (7ba2a1b66e9ae1a130939b511068dadc).
2020-02-15 23:56:33,131 [Source: Custom File Source (1/1)] INFO  (Task.java:831) - Ensuring all FileSystem streams are closed for task Source: Custom File Source (1/1) (7ba2a1b66e9ae1a130939b511068dadc) [FINISHED]
2020-02-15 23:56:33,132 [flink-akka.actor.default-dispatcher-2] INFO  (TaskExecutor.java:1445) - Un-registering task and sending final execution state FINISHED to JobManager for task Source: Custom File Source 7ba2a1b66e9ae1a130939b511068dadc.
2020-02-15 23:56:33,204 [flink-akka.actor.default-dispatcher-3] INFO  (Execution.java:1509) - Source: Custom File Source (1/1) (7ba2a1b66e9ae1a130939b511068dadc) switched from RUNNING to FINISHED.
2020-02-15 23:56:33,271 [Split Reader: Custom File Source -> Flat Map (2/4)] INFO  (Task.java:958) - Split Reader: Custom File Source -> Flat Map (2/4) (c02927bf574757b1cf150c1fb2faa9af) switched from RUNNING to FINISHED.
2020-02-15 23:56:33,271 [Split Reader: Custom File Source -> Flat Map (2/4)] INFO  (Task.java:804) - Freeing task resources for Split Reader: Custom File Source -> Flat Map (2/4) (c02927bf574757b1cf150c1fb2faa9af).
2020-02-15 23:56:33,271 [Split Reader: Custom File Source -> Flat Map (2/4)] INFO  (Task.java:831) - Ensuring all FileSystem streams are closed for task Split Reader: Custom File Source -> Flat Map (2/4) (c02927bf574757b1cf150c1fb2faa9af) [FINISHED]
2020-02-15 23:56:33,272 [flink-akka.actor.default-dispatcher-2] INFO  (TaskExecutor.java:1445) - Un-registering task and sending final execution state FINISHED to JobManager for task Split Reader: Custom File Source -> Flat Map c02927bf574757b1cf150c1fb2faa9af.
2020-02-15 23:56:33,273 [Split Reader: Custom File Source -> Flat Map (4/4)] INFO  (Task.java:958) - Split Reader: Custom File Source -> Flat Map (4/4) (e7e56e1744b9c8310668f573fe461c52) switched from RUNNING to FINISHED.
2020-02-15 23:56:33,273 [Split Reader: Custom File Source -> Flat Map (4/4)] INFO  (Task.java:804) - Freeing task resources for Split Reader: Custom File Source -> Flat Map (4/4) (e7e56e1744b9c8310668f573fe461c52).
2020-02-15 23:56:33,273 [Split Reader: Custom File Source -> Flat Map (4/4)] INFO  (Task.java:831) - Ensuring all FileSystem streams are closed for task Split Reader: Custom File Source -> Flat Map (4/4) (e7e56e1744b9c8310668f573fe461c52) [FINISHED]
2020-02-15 23:56:33,274 [flink-akka.actor.default-dispatcher-3] INFO  (Execution.java:1509) - Split Reader: Custom File Source -> Flat Map (2/4) (c02927bf574757b1cf150c1fb2faa9af) switched from RUNNING to FINISHED.
2020-02-15 23:56:33,274 [flink-akka.actor.default-dispatcher-2] INFO  (TaskExecutor.java:1445) - Un-registering task and sending final execution state FINISHED to JobManager for task Split Reader: Custom File Source -> Flat Map e7e56e1744b9c8310668f573fe461c52.
2020-02-15 23:56:33,275 [flink-akka.actor.default-dispatcher-4] INFO  (Execution.java:1509) - Split Reader: Custom File Source -> Flat Map (4/4) (e7e56e1744b9c8310668f573fe461c52) switched from RUNNING to FINISHED.
2020-02-15 23:56:33,281 [Split Reader: Custom File Source -> Flat Map (1/4)] INFO  (Task.java:958) - Split Reader: Custom File Source -> Flat Map (1/4) (37eb5c5b4313dff513443dd793d328d1) switched from RUNNING to FINISHED.
2020-02-15 23:56:33,281 [Split Reader: Custom File Source -> Flat Map (1/4)] INFO  (Task.java:804) - Freeing task resources for Split Reader: Custom File Source -> Flat Map (1/4) (37eb5c5b4313dff513443dd793d328d1).
2020-02-15 23:56:33,281 [Split Reader: Custom File Source -> Flat Map (1/4)] INFO  (Task.java:831) - Ensuring all FileSystem streams are closed for task Split Reader: Custom File Source -> Flat Map (1/4) (37eb5c5b4313dff513443dd793d328d1) [FINISHED]
2020-02-15 23:56:33,282 [flink-akka.actor.default-dispatcher-2] INFO  (TaskExecutor.java:1445) - Un-registering task and sending final execution state FINISHED to JobManager for task Split Reader: Custom File Source -> Flat Map 37eb5c5b4313dff513443dd793d328d1.
2020-02-15 23:56:33,283 [flink-akka.actor.default-dispatcher-4] INFO  (Execution.java:1509) - Split Reader: Custom File Source -> Flat Map (1/4) (37eb5c5b4313dff513443dd793d328d1) switched from RUNNING to FINISHED.
2020-02-15 23:56:33,284 [Keyed Aggregation -> Sink: Print to Std. Out (1/4)] INFO  (Task.java:958) - Keyed Aggregation -> Sink: Print to Std. Out (1/4) (b2150b1dedad55410d955a4ee598fd27) switched from RUNNING to FINISHED.
2020-02-15 23:56:33,285 [Keyed Aggregation -> Sink: Print to Std. Out (1/4)] INFO  (Task.java:804) - Freeing task resources for Keyed Aggregation -> Sink: Print to Std. Out (1/4) (b2150b1dedad55410d955a4ee598fd27).
2020-02-15 23:56:33,285 [Keyed Aggregation -> Sink: Print to Std. Out (1/4)] INFO  (Task.java:831) - Ensuring all FileSystem streams are closed for task Keyed Aggregation -> Sink: Print to Std. Out (1/4) (b2150b1dedad55410d955a4ee598fd27) [FINISHED]
2020-02-15 23:56:33,285 [Keyed Aggregation -> Sink: Print to Std. Out (2/4)] INFO  (Task.java:958) - Keyed Aggregation -> Sink: Print to Std. Out (2/4) (04d998581d4acc5b9e01fbadda1aa4b4) switched from RUNNING to FINISHED.
2020-02-15 23:56:33,285 [Keyed Aggregation -> Sink: Print to Std. Out (2/4)] INFO  (Task.java:804) - Freeing task resources for Keyed Aggregation -> Sink: Print to Std. Out (2/4) (04d998581d4acc5b9e01fbadda1aa4b4).
2020-02-15 23:56:33,285 [Keyed Aggregation -> Sink: Print to Std. Out (2/4)] INFO  (Task.java:831) - Ensuring all FileSystem streams are closed for task Keyed Aggregation -> Sink: Print to Std. Out (2/4) (04d998581d4acc5b9e01fbadda1aa4b4) [FINISHED]
2020-02-15 23:56:33,286 [Keyed Aggregation -> Sink: Print to Std. Out (3/4)] INFO  (Task.java:958) - Keyed Aggregation -> Sink: Print to Std. Out (3/4) (466e938908f00a56e2c28ea8972879cd) switched from RUNNING to FINISHED.
2020-02-15 23:56:33,285 [flink-akka.actor.default-dispatcher-3] INFO  (TaskExecutor.java:1445) - Un-registering task and sending final execution state FINISHED to JobManager for task Keyed Aggregation -> Sink: Print to Std. Out b2150b1dedad55410d955a4ee598fd27.
2020-02-15 23:56:33,289 [Keyed Aggregation -> Sink: Print to Std. Out (3/4)] INFO  (Task.java:804) - Freeing task resources for Keyed Aggregation -> Sink: Print to Std. Out (3/4) (466e938908f00a56e2c28ea8972879cd).
2020-02-15 23:56:33,289 [Keyed Aggregation -> Sink: Print to Std. Out (4/4)] INFO  (Task.java:958) - Keyed Aggregation -> Sink: Print to Std. Out (4/4) (6b2bb6f3252a01b4939491093fa0963d) switched from RUNNING to FINISHED.
2020-02-15 23:56:33,289 [Keyed Aggregation -> Sink: Print to Std. Out (3/4)] INFO  (Task.java:831) - Ensuring all FileSystem streams are closed for task Keyed Aggregation -> Sink: Print to Std. Out (3/4) (466e938908f00a56e2c28ea8972879cd) [FINISHED]
2020-02-15 23:56:33,289 [Keyed Aggregation -> Sink: Print to Std. Out (4/4)] INFO  (Task.java:804) - Freeing task resources for Keyed Aggregation -> Sink: Print to Std. Out (4/4) (6b2bb6f3252a01b4939491093fa0963d).
2020-02-15 23:56:33,289 [flink-akka.actor.default-dispatcher-3] INFO  (TaskExecutor.java:1445) - Un-registering task and sending final execution state FINISHED to JobManager for task Keyed Aggregation -> Sink: Print to Std. Out 04d998581d4acc5b9e01fbadda1aa4b4.
2020-02-15 23:56:33,289 [Keyed Aggregation -> Sink: Print to Std. Out (4/4)] INFO  (Task.java:831) - Ensuring all FileSystem streams are closed for task Keyed Aggregation -> Sink: Print to Std. Out (4/4) (6b2bb6f3252a01b4939491093fa0963d) [FINISHED]
2020-02-15 23:56:33,290 [Split Reader: Custom File Source -> Flat Map (3/4)] INFO  (Task.java:958) - Split Reader: Custom File Source -> Flat Map (3/4) (f9d3ba989a4b752f84ff2e24c4bf2881) switched from RUNNING to FINISHED.
2020-02-15 23:56:33,290 [Split Reader: Custom File Source -> Flat Map (3/4)] INFO  (Task.java:804) - Freeing task resources for Split Reader: Custom File Source -> Flat Map (3/4) (f9d3ba989a4b752f84ff2e24c4bf2881).
2020-02-15 23:56:33,290 [flink-akka.actor.default-dispatcher-3] INFO  (TaskExecutor.java:1445) - Un-registering task and sending final execution state FINISHED to JobManager for task Keyed Aggregation -> Sink: Print to Std. Out 466e938908f00a56e2c28ea8972879cd.
2020-02-15 23:56:33,291 [flink-akka.actor.default-dispatcher-2] INFO  (Execution.java:1509) - Keyed Aggregation -> Sink: Print to Std. Out (1/4) (b2150b1dedad55410d955a4ee598fd27) switched from RUNNING to FINISHED.
2020-02-15 23:56:33,291 [flink-akka.actor.default-dispatcher-3] INFO  (TaskExecutor.java:1445) - Un-registering task and sending final execution state FINISHED to JobManager for task Keyed Aggregation -> Sink: Print to Std. Out 6b2bb6f3252a01b4939491093fa0963d.
2020-02-15 23:56:33,292 [Split Reader: Custom File Source -> Flat Map (3/4)] INFO  (Task.java:831) - Ensuring all FileSystem streams are closed for task Split Reader: Custom File Source -> Flat Map (3/4) (f9d3ba989a4b752f84ff2e24c4bf2881) [FINISHED]
2020-02-15 23:56:33,293 [flink-akka.actor.default-dispatcher-3] INFO  (TaskExecutor.java:1445) - Un-registering task and sending final execution state FINISHED to JobManager for task Split Reader: Custom File Source -> Flat Map f9d3ba989a4b752f84ff2e24c4bf2881.
2020-02-15 23:56:33,294 [flink-akka.actor.default-dispatcher-2] INFO  (Execution.java:1509) - Keyed Aggregation -> Sink: Print to Std. Out (2/4) (04d998581d4acc5b9e01fbadda1aa4b4) switched from RUNNING to FINISHED.
2020-02-15 23:56:33,296 [flink-akka.actor.default-dispatcher-2] INFO  (Execution.java:1509) - Keyed Aggregation -> Sink: Print to Std. Out (3/4) (466e938908f00a56e2c28ea8972879cd) switched from RUNNING to FINISHED.
2020-02-15 23:56:33,297 [flink-akka.actor.default-dispatcher-2] INFO  (Execution.java:1509) - Keyed Aggregation -> Sink: Print to Std. Out (4/4) (6b2bb6f3252a01b4939491093fa0963d) switched from RUNNING to FINISHED.
2020-02-15 23:56:33,298 [flink-akka.actor.default-dispatcher-2] INFO  (Execution.java:1509) - Split Reader: Custom File Source -> Flat Map (3/4) (f9d3ba989a4b752f84ff2e24c4bf2881) switched from RUNNING to FINISHED.
2020-02-15 23:56:33,298 [flink-akka.actor.default-dispatcher-2] INFO  (ExecutionGraph.java:1325) - Job Streaming for Random Sampling (d9c4c1fd121429d1c0efea8be1404c02) switched from state RUNNING to FINISHED.
2020-02-15 23:56:33,299 [flink-akka.actor.default-dispatcher-2] INFO  (CheckpointCoordinator.java:329) - Stopping checkpoint coordinator for job d9c4c1fd121429d1c0efea8be1404c02.
2020-02-15 23:56:33,299 [flink-akka.actor.default-dispatcher-2] INFO  (StandaloneCompletedCheckpointStore.java:97) - Shutting down
2020-02-15 23:56:33,309 [flink-akka.actor.default-dispatcher-3] INFO  (Dispatcher.java:774) - Job d9c4c1fd121429d1c0efea8be1404c02 reached globally terminal state FINISHED.
2020-02-15 23:56:33,309 [main] INFO  (MiniCluster.java:416) - Shutting down Flink Mini Cluster
2020-02-15 23:56:33,309 [main] INFO  (RestServerEndpoint.java:290) - Shutting down rest endpoint.
2020-02-15 23:56:33,309 [flink-akka.actor.default-dispatcher-4] INFO  (TaskExecutor.java:354) - Stopping TaskExecutor akka://flink/user/taskmanager_0.
2020-02-15 23:56:33,310 [flink-akka.actor.default-dispatcher-4] INFO  (TaskExecutor.java:1064) - Close ResourceManager connection 6d1e41071ea74db2bccc82892fde8ca0.
2020-02-15 23:56:33,310 [flink-akka.actor.default-dispatcher-2] INFO  (JobMaster.java:338) - Stopping the JobMaster for job Streaming for Random Sampling(d9c4c1fd121429d1c0efea8be1404c02).
2020-02-15 23:56:33,311 [flink-akka.actor.default-dispatcher-3] INFO  (ResourceManager.java:809) - Closing TaskExecutor connection faac2365-8e91-4f9f-b941-edb44eb4f957 because: The TaskExecutor is shutting down.
2020-02-15 23:56:33,311 [flink-akka.actor.default-dispatcher-2] INFO  (SlotPoolImpl.java:228) - Suspending SlotPool.
2020-02-15 23:56:33,312 [flink-akka.actor.default-dispatcher-2] INFO  (JobMaster.java:1006) - Close ResourceManager connection 6d1e41071ea74db2bccc82892fde8ca0: JobManager is shutting down..
2020-02-15 23:56:33,312 [flink-akka.actor.default-dispatcher-2] INFO  (SlotPoolImpl.java:249) - Stopping SlotPool.
2020-02-15 23:56:33,312 [flink-akka.actor.default-dispatcher-3] INFO  (ResourceManager.java:780) - Disconnect job manager 80584c0e5c3c13792d0165c2b0ce4f1b@akka://flink/user/jobmanager_1 for job d9c4c1fd121429d1c0efea8be1404c02 from the resource manager.
2020-02-15 23:56:33,313 [flink-akka.actor.default-dispatcher-4] INFO  (JobLeaderService.java:142) - Stop job leader service.
2020-02-15 23:56:33,313 [flink-akka.actor.default-dispatcher-4] INFO  (TaskExecutorLocalStateStoresManager.java:213) - Shutting down TaskExecutorLocalStateStoresManager.
2020-02-15 23:56:33,334 [ForkJoinPool.commonPool-worker-1] INFO  (WebMonitorEndpoint.java:688) - Removing cache directory /tmp/flink-web-ui
2020-02-15 23:56:33,334 [flink-akka.actor.default-dispatcher-4] INFO  (FileChannelManagerImpl.java:112) - FileChannelManager removed spill file directory /tmp/flink-io-066d9b45-1874-41cc-9447-723b8fbc2288
2020-02-15 23:56:33,334 [flink-akka.actor.default-dispatcher-4] INFO  (NettyShuffleEnvironment.java:304) - Shutting down the network environment and its components.
2020-02-15 23:56:33,335 [ForkJoinPool.commonPool-worker-1] INFO  (RestServerEndpoint.java:299) - Shut down complete.
2020-02-15 23:56:33,338 [flink-akka.actor.default-dispatcher-3] INFO  (ResourceManager.java:503) - Shut down cluster because application is in CANCELED, diagnostics DispatcherResourceManagerComponent has been closed..
2020-02-15 23:56:33,339 [flink-akka.actor.default-dispatcher-3] INFO  (Dispatcher.java:220) - Stopping dispatcher akka://flink/user/dispatcher.
2020-02-15 23:56:33,339 [flink-akka.actor.default-dispatcher-5] INFO  (SlotManagerImpl.java:284) - Closing the SlotManager.
2020-02-15 23:56:33,340 [flink-akka.actor.default-dispatcher-5] INFO  (SlotManagerImpl.java:247) - Suspending the SlotManager.
2020-02-15 23:56:33,340 [flink-akka.actor.default-dispatcher-3] INFO  (Dispatcher.java:696) - Stopping all currently running jobs of dispatcher akka://flink/user/dispatcher.
2020-02-15 23:56:33,341 [flink-akka.actor.default-dispatcher-4] INFO  (FileChannelManagerImpl.java:112) - FileChannelManager removed spill file directory /tmp/flink-netty-shuffle-db11542f-16b7-4d55-989e-15d6c826ef46
2020-02-15 23:56:33,341 [flink-akka.actor.default-dispatcher-4] INFO  (KvStateService.java:119) - Shutting down the kvState service and its components.
2020-02-15 23:56:33,342 [flink-akka.actor.default-dispatcher-4] INFO  (JobLeaderService.java:142) - Stop job leader service.
2020-02-15 23:56:33,342 [flink-akka.actor.default-dispatcher-3] INFO  (StackTraceSampleCoordinator.java:220) - Shutting down stack trace sample coordinator.
2020-02-15 23:56:33,342 [flink-akka.actor.default-dispatcher-4] INFO  (FileCache.java:153) - removed file cache directory /tmp/flink-dist-cache-e99d7a00-1c9f-4227-96a3-e1f5ffdce06b
2020-02-15 23:56:33,343 [flink-akka.actor.default-dispatcher-3] INFO  (Dispatcher.java:229) - Stopped dispatcher akka://flink/user/dispatcher.
2020-02-15 23:56:33,343 [flink-akka.actor.default-dispatcher-4] INFO  (TaskExecutor.java:394) - Stopped TaskExecutor akka://flink/user/taskmanager_0.
2020-02-15 23:56:33,344 [flink-akka.actor.default-dispatcher-4] INFO  (AkkaRpcService.java:335) - Stopping Akka RPC service.
2020-02-15 23:56:33,352 [flink-metrics-2] INFO  (MarkerIgnoringBase.java:107) - Shutting down remote daemon.
2020-02-15 23:56:33,354 [flink-metrics-2] INFO  (MarkerIgnoringBase.java:107) - Remote daemon shut down; proceeding with flushing remote transports.
2020-02-15 23:56:33,378 [flink-metrics-2] INFO  (MarkerIgnoringBase.java:107) - Remoting shut down.
2020-02-15 23:56:33,408 [flink-metrics-2] INFO  (AkkaRpcService.java:335) - Stopping Akka RPC service.
2020-02-15 23:56:33,409 [flink-metrics-2] INFO  (AkkaRpcService.java:354) - Stopped Akka RPC service.
2020-02-15 23:56:33,418 [flink-akka.actor.default-dispatcher-4] INFO  (AbstractBlobCache.java:247) - Shutting down BLOB cache
2020-02-15 23:56:33,419 [flink-akka.actor.default-dispatcher-4] INFO  (AbstractBlobCache.java:247) - Shutting down BLOB cache
2020-02-15 23:56:33,420 [flink-akka.actor.default-dispatcher-4] INFO  (BlobServer.java:340) - Stopped BLOB server at 0.0.0.0:32863
2020-02-15 23:56:33,420 [flink-akka.actor.default-dispatcher-4] INFO  (AkkaRpcService.java:354) - Stopped Akka RPC service.
